Lmod has detected the following error: Your site prevents the automatic
swapping of modules with same name. You must explicitly unload the loaded
version of "pytorch/intel" before you can load the new one. Use swap (or an
unload followed by a load) to do this:

   $ module swap pytorch/intel  pytorch/intel

Alternatively, you can set the environment variable
LMOD_DISABLE_SAME_NAME_AUTOSWAP to "no" to re-enable same name autoswapping. 
Lmod has detected the following error: Your site prevents the automatic
swapping of modules with same name. You must explicitly unload the loaded
version of "torchvision" before you can load the new one. Use swap (or an
unload followed by a load) to do this:

   $ module swap torchvision  torchvision

Alternatively, you can set the environment variable
LMOD_DISABLE_SAME_NAME_AUTOSWAP to "no" to re-enable same name autoswapping. 
Namespace(batchSize=64, beta1=0.5, cuda=False, dataroot='../mnist_data/', dataset='mnist', imageSize=64, lr=0.0002, manualSeed=None, ndf=64, netD='', netG='', ngf=64, ngpu=1, niter=5, nz=100, outf='output/', workers=2)
Random Seed:  2462
_netG (
  (main): Sequential (
    (0): ConvTranspose2d(100, 512, kernel_size=(4, 4), stride=(1, 1), bias=False)
    (1): BatchNorm2d(512, eps=1e-05, momentum=0.1, affine=True)
    (2): ReLU (inplace)
    (3): ConvTranspose2d(512, 256, kernel_size=(4, 4), stride=(2, 2), padding=(1, 1), bias=False)
    (4): BatchNorm2d(256, eps=1e-05, momentum=0.1, affine=True)
    (5): ReLU (inplace)
    (6): ConvTranspose2d(256, 128, kernel_size=(4, 4), stride=(2, 2), padding=(1, 1), bias=False)
    (7): BatchNorm2d(128, eps=1e-05, momentum=0.1, affine=True)
    (8): ReLU (inplace)
    (9): ConvTranspose2d(128, 64, kernel_size=(4, 4), stride=(2, 2), padding=(1, 1), bias=False)
    (10): BatchNorm2d(64, eps=1e-05, momentum=0.1, affine=True)
    (11): ReLU (inplace)
    (12): ConvTranspose2d(64, 1, kernel_size=(4, 4), stride=(2, 2), padding=(1, 1), bias=False)
    (13): Tanh ()
  )
)
_netD (
  (main): Sequential (
    (0): Conv2d(1, 64, kernel_size=(4, 4), stride=(2, 2), padding=(1, 1), bias=False)
    (1): LeakyReLU (0.2, inplace)
    (2): Conv2d(64, 128, kernel_size=(4, 4), stride=(2, 2), padding=(1, 1), bias=False)
    (3): BatchNorm2d(128, eps=1e-05, momentum=0.1, affine=True)
    (4): LeakyReLU (0.2, inplace)
    (5): Conv2d(128, 256, kernel_size=(4, 4), stride=(2, 2), padding=(1, 1), bias=False)
    (6): BatchNorm2d(256, eps=1e-05, momentum=0.1, affine=True)
    (7): LeakyReLU (0.2, inplace)
    (8): Conv2d(256, 512, kernel_size=(4, 4), stride=(2, 2), padding=(1, 1), bias=False)
    (9): BatchNorm2d(512, eps=1e-05, momentum=0.1, affine=True)
    (10): LeakyReLU (0.2, inplace)
    (11): Conv2d(512, 1, kernel_size=(4, 4), stride=(1, 1), bias=False)
    (12): Sigmoid ()
  )
)
[0/5][0/938] Loss_D: 1.2802 Loss_G: 4.3911 D(x): 0.5262 D(G(z)): 0.3876 / 0.0160
[0/5][1/938] Loss_D: 1.4259 Loss_G: 6.0686 D(x): 0.9979 D(G(z)): 0.6837 / 0.0040
[0/5][2/938] Loss_D: 0.5987 Loss_G: 7.0560 D(x): 0.9928 D(G(z)): 0.4025 / 0.0012
[0/5][3/938] Loss_D: 0.2955 Loss_G: 7.0922 D(x): 0.9480 D(G(z)): 0.1858 / 0.0013
[0/5][4/938] Loss_D: 0.3023 Loss_G: 7.5971 D(x): 0.9668 D(G(z)): 0.2129 / 0.0007
[0/5][5/938] Loss_D: 0.2667 Loss_G: 7.0460 D(x): 0.8919 D(G(z)): 0.0994 / 0.0012
[0/5][6/938] Loss_D: 0.4198 Loss_G: 7.5782 D(x): 0.8917 D(G(z)): 0.1671 / 0.0007
[0/5][7/938] Loss_D: 0.1684 Loss_G: 8.1218 D(x): 0.9551 D(G(z)): 0.1016 / 0.0004
[0/5][8/938] Loss_D: 0.0901 Loss_G: 7.8544 D(x): 0.9832 D(G(z)): 0.0669 / 0.0005
[0/5][9/938] Loss_D: 0.1226 Loss_G: 8.5645 D(x): 0.9844 D(G(z)): 0.0966 / 0.0003
[0/5][10/938] Loss_D: 0.1029 Loss_G: 8.2695 D(x): 0.9643 D(G(z)): 0.0522 / 0.0004
[0/5][11/938] Loss_D: 0.1182 Loss_G: 8.9924 D(x): 0.9743 D(G(z)): 0.0823 / 0.0002
[0/5][12/938] Loss_D: 0.1042 Loss_G: 8.6040 D(x): 0.9580 D(G(z)): 0.0517 / 0.0003
[0/5][13/938] Loss_D: 0.1688 Loss_G: 8.2864 D(x): 0.9351 D(G(z)): 0.0651 / 0.0004
[0/5][14/938] Loss_D: 0.1279 Loss_G: 9.4880 D(x): 0.9639 D(G(z)): 0.0704 / 0.0001
[0/5][15/938] Loss_D: 0.0517 Loss_G: 8.8444 D(x): 0.9797 D(G(z)): 0.0276 / 0.0002
[0/5][16/938] Loss_D: 0.0869 Loss_G: 9.7663 D(x): 0.9805 D(G(z)): 0.0625 / 0.0001
[0/5][17/938] Loss_D: 0.0700 Loss_G: 9.9607 D(x): 0.9789 D(G(z)): 0.0455 / 0.0001
[0/5][18/938] Loss_D: 0.1247 Loss_G: 8.0990 D(x): 0.9378 D(G(z)): 0.0319 / 0.0004
[0/5][19/938] Loss_D: 0.2910 Loss_G: 18.6234 D(x): 0.9936 D(G(z)): 0.2241 / 0.0000
[0/5][20/938] Loss_D: 0.3291 Loss_G: 14.8957 D(x): 0.7621 D(G(z)): 0.0000 / 0.0000
[0/5][21/938] Loss_D: 0.0124 Loss_G: 6.3302 D(x): 0.9926 D(G(z)): 0.0042 / 0.0031
[0/5][22/938] Loss_D: 3.2546 Loss_G: 25.4591 D(x): 0.9995 D(G(z)): 0.9390 / 0.0000
[0/5][23/938] Loss_D: 0.7356 Loss_G: 26.7004 D(x): 0.7033 D(G(z)): 0.0000 / 0.0000
[0/5][24/938] Loss_D: 0.1510 Loss_G: 24.7400 D(x): 0.9275 D(G(z)): 0.0000 / 0.0000
[0/5][25/938] Loss_D: 0.0104 Loss_G: 16.8676 D(x): 0.9913 D(G(z)): 0.0000 / 0.0000
[0/5][26/938] Loss_D: 0.0124 Loss_G: 6.1251 D(x): 0.9924 D(G(z)): 0.0045 / 0.0038
[0/5][27/938] Loss_D: 2.6062 Loss_G: 24.0137 D(x): 0.9975 D(G(z)): 0.8941 / 0.0000
[0/5][28/938] Loss_D: 0.7325 Loss_G: 25.4583 D(x): 0.6550 D(G(z)): 0.0000 / 0.0000
[0/5][29/938] Loss_D: 0.1405 Loss_G: 20.2017 D(x): 0.9346 D(G(z)): 0.0000 / 0.0000
[0/5][30/938] Loss_D: 0.0630 Loss_G: 8.3865 D(x): 0.9638 D(G(z)): 0.0006 / 0.0005
[0/5][31/938] Loss_D: 1.4399 Loss_G: 23.1762 D(x): 0.9963 D(G(z)): 0.7126 / 0.0000
[0/5][32/938] Loss_D: 0.0339 Loss_G: 26.0262 D(x): 0.9685 D(G(z)): 0.0000 / 0.0000
[0/5][33/938] Loss_D: 0.2383 Loss_G: 23.9605 D(x): 0.8654 D(G(z)): 0.0000 / 0.0000
[0/5][34/938] Loss_D: 0.1982 Loss_G: 16.7193 D(x): 0.9122 D(G(z)): 0.0000 / 0.0000
[0/5][35/938] Loss_D: 0.0742 Loss_G: 7.0772 D(x): 0.9721 D(G(z)): 0.0011 / 0.0016
[0/5][36/938] Loss_D: 1.0643 Loss_G: 21.6914 D(x): 0.9975 D(G(z)): 0.5923 / 0.0000
[0/5][37/938] Loss_D: 0.1513 Loss_G: 24.1897 D(x): 0.8969 D(G(z)): 0.0000 / 0.0000
[0/5][38/938] Loss_D: 0.3589 Loss_G: 19.6625 D(x): 0.8300 D(G(z)): 0.0000 / 0.0000
[0/5][39/938] Loss_D: 0.0795 Loss_G: 11.4011 D(x): 0.9466 D(G(z)): 0.0000 / 0.0000
[0/5][40/938] Loss_D: 0.0283 Loss_G: 4.7793 D(x): 0.9917 D(G(z)): 0.0193 / 0.0114
[0/5][41/938] Loss_D: 1.5404 Loss_G: 25.3626 D(x): 0.9873 D(G(z)): 0.7044 / 0.0000
[0/5][42/938] Loss_D: 0.4333 Loss_G: 27.3740 D(x): 0.7982 D(G(z)): 0.0000 / 0.0000
[0/5][43/938] Loss_D: 0.5215 Loss_G: 27.2650 D(x): 0.7905 D(G(z)): 0.0000 / 0.0000
[0/5][44/938] Loss_D: 0.0862 Loss_G: 26.1334 D(x): 0.9486 D(G(z)): 0.0000 / 0.0000
[0/5][45/938] Loss_D: 0.0217 Loss_G: 21.2969 D(x): 0.9855 D(G(z)): 0.0000 / 0.0000
[0/5][46/938] Loss_D: 0.0012 Loss_G: 13.8223 D(x): 0.9988 D(G(z)): 0.0000 / 0.0000
[0/5][47/938] Loss_D: 0.0030 Loss_G: 7.0024 D(x): 0.9986 D(G(z)): 0.0015 / 0.0017
[0/5][48/938] Loss_D: 0.2987 Loss_G: 14.8057 D(x): 0.9997 D(G(z)): 0.2316 / 0.0000
[0/5][49/938] Loss_D: 0.0123 Loss_G: 15.8979 D(x): 0.9893 D(G(z)): 0.0001 / 0.0000
[0/5][50/938] Loss_D: 0.0376 Loss_G: 13.4160 D(x): 0.9729 D(G(z)): 0.0000 / 0.0000
[0/5][51/938] Loss_D: 0.0119 Loss_G: 9.1477 D(x): 0.9900 D(G(z)): 0.0005 / 0.0002
[0/5][52/938] Loss_D: 0.0715 Loss_G: 5.5844 D(x): 0.9651 D(G(z)): 0.0175 / 0.0057
[0/5][53/938] Loss_D: 0.5363 Loss_G: 20.5256 D(x): 0.9666 D(G(z)): 0.3188 / 0.0000
[0/5][54/938] Loss_D: 0.1767 Loss_G: 22.6326 D(x): 0.8783 D(G(z)): 0.0000 / 0.0000
[0/5][55/938] Loss_D: 0.3117 Loss_G: 18.4512 D(x): 0.8302 D(G(z)): 0.0000 / 0.0000
[0/5][56/938] Loss_D: 0.0071 Loss_G: 12.8138 D(x): 0.9935 D(G(z)): 0.0000 / 0.0000
[0/5][57/938] Loss_D: 0.0040 Loss_G: 7.2345 D(x): 0.9969 D(G(z)): 0.0009 / 0.0010
[0/5][58/938] Loss_D: 0.0951 Loss_G: 8.2167 D(x): 0.9932 D(G(z)): 0.0796 / 0.0004
[0/5][59/938] Loss_D: 0.0180 Loss_G: 8.2821 D(x): 0.9995 D(G(z)): 0.0172 / 0.0003
[0/5][60/938] Loss_D: 0.0195 Loss_G: 7.6625 D(x): 0.9962 D(G(z)): 0.0153 / 0.0007
[0/5][61/938] Loss_D: 0.0314 Loss_G: 7.4568 D(x): 0.9954 D(G(z)): 0.0261 / 0.0007
[0/5][62/938] Loss_D: 0.0255 Loss_G: 7.5509 D(x): 0.9969 D(G(z)): 0.0218 / 0.0007
[0/5][63/938] Loss_D: 0.0409 Loss_G: 8.1859 D(x): 0.9943 D(G(z)): 0.0336 / 0.0004
[0/5][64/938] Loss_D: 0.0438 Loss_G: 7.7693 D(x): 0.9804 D(G(z)): 0.0172 / 0.0006
[0/5][65/938] Loss_D: 0.0484 Loss_G: 7.8501 D(x): 0.9850 D(G(z)): 0.0310 / 0.0005
[0/5][66/938] Loss_D: 0.0474 Loss_G: 7.7424 D(x): 0.9807 D(G(z)): 0.0230 / 0.0005
[0/5][67/938] Loss_D: 0.0648 Loss_G: 8.4930 D(x): 0.9778 D(G(z)): 0.0371 / 0.0003
[0/5][68/938] Loss_D: 0.0699 Loss_G: 7.9299 D(x): 0.9714 D(G(z)): 0.0173 / 0.0005
[0/5][69/938] Loss_D: 0.0673 Loss_G: 7.9469 D(x): 0.9746 D(G(z)): 0.0292 / 0.0004
[0/5][70/938] Loss_D: 0.0319 Loss_G: 7.8904 D(x): 0.9880 D(G(z)): 0.0188 / 0.0005
[0/5][71/938] Loss_D: 0.0450 Loss_G: 7.9451 D(x): 0.9856 D(G(z)): 0.0243 / 0.0005
[0/5][72/938] Loss_D: 0.0272 Loss_G: 7.8942 D(x): 0.9921 D(G(z)): 0.0185 / 0.0005
[0/5][73/938] Loss_D: 0.0280 Loss_G: 7.9980 D(x): 0.9933 D(G(z)): 0.0206 / 0.0004
[0/5][74/938] Loss_D: 0.0209 Loss_G: 7.8193 D(x): 0.9926 D(G(z)): 0.0131 / 0.0006
[0/5][75/938] Loss_D: 0.0795 Loss_G: 7.0959 D(x): 0.9625 D(G(z)): 0.0136 / 0.0011
[0/5][76/938] Loss_D: 0.0311 Loss_G: 8.0263 D(x): 0.9957 D(G(z)): 0.0261 / 0.0004
[0/5][77/938] Loss_D: 0.0392 Loss_G: 7.8860 D(x): 0.9820 D(G(z)): 0.0168 / 0.0005
[0/5][78/938] Loss_D: 0.0537 Loss_G: 7.2341 D(x): 0.9722 D(G(z)): 0.0102 / 0.0008
[0/5][79/938] Loss_D: 0.0296 Loss_G: 8.1045 D(x): 0.9985 D(G(z)): 0.0276 / 0.0003
[0/5][80/938] Loss_D: 0.0227 Loss_G: 7.8481 D(x): 0.9894 D(G(z)): 0.0095 / 0.0005
[0/5][81/938] Loss_D: 0.0400 Loss_G: 7.1338 D(x): 0.9789 D(G(z)): 0.0122 / 0.0010
[0/5][82/938] Loss_D: 0.0419 Loss_G: 8.0743 D(x): 0.9891 D(G(z)): 0.0287 / 0.0004
[0/5][83/938] Loss_D: 0.0337 Loss_G: 7.7073 D(x): 0.9792 D(G(z)): 0.0073 / 0.0005
[0/5][84/938] Loss_D: 0.0126 Loss_G: 7.1803 D(x): 0.9972 D(G(z)): 0.0096 / 0.0009
[0/5][85/938] Loss_D: 0.0199 Loss_G: 7.3372 D(x): 0.9966 D(G(z)): 0.0163 / 0.0008
[0/5][86/938] Loss_D: 0.0365 Loss_G: 7.9147 D(x): 0.9882 D(G(z)): 0.0178 / 0.0005
[0/5][87/938] Loss_D: 0.0154 Loss_G: 7.7982 D(x): 0.9955 D(G(z)): 0.0103 / 0.0005
[0/5][88/938] Loss_D: 0.0227 Loss_G: 7.6426 D(x): 0.9919 D(G(z)): 0.0140 / 0.0006
[0/5][89/938] Loss_D: 0.0150 Loss_G: 7.8686 D(x): 0.9976 D(G(z)): 0.0125 / 0.0005
[0/5][90/938] Loss_D: 0.0145 Loss_G: 7.6770 D(x): 0.9957 D(G(z)): 0.0100 / 0.0006
[0/5][91/938] Loss_D: 0.0169 Loss_G: 7.8481 D(x): 0.9987 D(G(z)): 0.0154 / 0.0005
[0/5][92/938] Loss_D: 0.0159 Loss_G: 8.1040 D(x): 0.9977 D(G(z)): 0.0135 / 0.0004
[0/5][93/938] Loss_D: 0.0547 Loss_G: 7.6254 D(x): 0.9719 D(G(z)): 0.0140 / 0.0006
[0/5][94/938] Loss_D: 0.0590 Loss_G: 9.0958 D(x): 0.9813 D(G(z)): 0.0285 / 0.0001
[0/5][95/938] Loss_D: 0.0622 Loss_G: 8.1524 D(x): 0.9753 D(G(z)): 0.0061 / 0.0004
[0/5][96/938] Loss_D: 0.0185 Loss_G: 7.6910 D(x): 0.9966 D(G(z)): 0.0149 / 0.0006
[0/5][97/938] Loss_D: 0.0511 Loss_G: 8.3424 D(x): 0.9787 D(G(z)): 0.0222 / 0.0003
[0/5][98/938] Loss_D: 0.0686 Loss_G: 7.2033 D(x): 0.9658 D(G(z)): 0.0088 / 0.0009
[0/5][99/938] Loss_D: 0.0404 Loss_G: 9.6885 D(x): 0.9934 D(G(z)): 0.0328 / 0.0001
[0/5][100/938] Loss_D: 0.0207 Loss_G: 9.1721 D(x): 0.9860 D(G(z)): 0.0025 / 0.0001
[0/5][101/938] Loss_D: 0.0264 Loss_G: 7.1912 D(x): 0.9867 D(G(z)): 0.0058 / 0.0011
[0/5][102/938] Loss_D: 0.0540 Loss_G: 10.3293 D(x): 0.9853 D(G(z)): 0.0375 / 0.0000
[0/5][103/938] Loss_D: 0.0117 Loss_G: 9.9426 D(x): 0.9899 D(G(z)): 0.0011 / 0.0001
[0/5][104/938] Loss_D: 0.0158 Loss_G: 7.7395 D(x): 0.9863 D(G(z)): 0.0014 / 0.0006
[0/5][105/938] Loss_D: 0.0253 Loss_G: 7.9294 D(x): 0.9932 D(G(z)): 0.0180 / 0.0006
[0/5][106/938] Loss_D: 0.0435 Loss_G: 6.8790 D(x): 0.9722 D(G(z)): 0.0082 / 0.0014
[0/5][107/938] Loss_D: 0.0365 Loss_G: 8.8922 D(x): 0.9884 D(G(z)): 0.0228 / 0.0002
[0/5][108/938] Loss_D: 0.0322 Loss_G: 7.4658 D(x): 0.9784 D(G(z)): 0.0026 / 0.0009
[0/5][109/938] Loss_D: 0.0163 Loss_G: 7.1642 D(x): 0.9946 D(G(z)): 0.0105 / 0.0011
[0/5][110/938] Loss_D: 0.0190 Loss_G: 7.9074 D(x): 0.9935 D(G(z)): 0.0123 / 0.0005
[0/5][111/938] Loss_D: 0.0114 Loss_G: 7.6710 D(x): 0.9939 D(G(z)): 0.0052 / 0.0006
[0/5][112/938] Loss_D: 0.0200 Loss_G: 6.7183 D(x): 0.9877 D(G(z)): 0.0067 / 0.0014
[0/5][113/938] Loss_D: 0.0205 Loss_G: 8.1130 D(x): 0.9959 D(G(z)): 0.0163 / 0.0004
[0/5][114/938] Loss_D: 0.0594 Loss_G: 5.4178 D(x): 0.9629 D(G(z)): 0.0040 / 0.0055
[0/5][115/938] Loss_D: 0.0583 Loss_G: 13.7413 D(x): 0.9981 D(G(z)): 0.0543 / 0.0000
[0/5][116/938] Loss_D: 0.1038 Loss_G: 8.3786 D(x): 0.9163 D(G(z)): 0.0000 / 0.0003
[0/5][117/938] Loss_D: 0.0090 Loss_G: 5.1600 D(x): 0.9994 D(G(z)): 0.0084 / 0.0092
[0/5][118/938] Loss_D: 0.4265 Loss_G: 27.6310 D(x): 0.9989 D(G(z)): 0.3176 / 0.0000
[0/5][119/938] Loss_D: 16.4623 Loss_G: 15.3561 D(x): 0.0000 D(G(z)): 0.0000 / 0.0000
[0/5][120/938] Loss_D: 0.0417 Loss_G: 3.1524 D(x): 0.9664 D(G(z)): 0.0001 / 0.0522
[0/5][121/938] Loss_D: 2.8478 Loss_G: 27.5892 D(x): 0.9956 D(G(z)): 0.9325 / 0.0000
[0/5][122/938] Loss_D: 14.8441 Loss_G: 25.3132 D(x): 0.0000 D(G(z)): 0.0000 / 0.0000
[0/5][123/938] Loss_D: 3.8463 Loss_G: 14.0966 D(x): 0.2440 D(G(z)): 0.0000 / 0.0000
[0/5][124/938] Loss_D: 0.0869 Loss_G: 3.3591 D(x): 0.9590 D(G(z)): 0.0008 / 0.0631
[0/5][125/938] Loss_D: 8.5320 Loss_G: 14.6937 D(x): 0.9954 D(G(z)): 0.9987 / 0.0000
[0/5][126/938] Loss_D: 0.3614 Loss_G: 15.0190 D(x): 0.8725 D(G(z)): 0.0017 / 0.0000
[0/5][127/938] Loss_D: 1.0695 Loss_G: 7.3418 D(x): 0.7264 D(G(z)): 0.0295 / 0.0018
[0/5][128/938] Loss_D: 1.5895 Loss_G: 16.7121 D(x): 0.8741 D(G(z)): 0.5174 / 0.0000
[0/5][129/938] Loss_D: 1.8794 Loss_G: 15.7146 D(x): 0.5694 D(G(z)): 0.0000 / 0.0000
[0/5][130/938] Loss_D: 0.6742 Loss_G: 10.1089 D(x): 0.7546 D(G(z)): 0.0003 / 0.0007
[0/5][131/938] Loss_D: 1.3308 Loss_G: 14.3753 D(x): 0.9200 D(G(z)): 0.5069 / 0.0000
[0/5][132/938] Loss_D: 0.2355 Loss_G: 10.4340 D(x): 0.8721 D(G(z)): 0.0191 / 0.0001
[0/5][133/938] Loss_D: 1.9675 Loss_G: 22.4601 D(x): 0.8467 D(G(z)): 0.7280 / 0.0000
[0/5][134/938] Loss_D: 4.6748 Loss_G: 17.2785 D(x): 0.0427 D(G(z)): 0.0000 / 0.0000
[0/5][135/938] Loss_D: 0.1628 Loss_G: 9.2323 D(x): 0.8946 D(G(z)): 0.0000 / 0.0002
[0/5][136/938] Loss_D: 0.1044 Loss_G: 3.1923 D(x): 0.9768 D(G(z)): 0.0568 / 0.0615
[0/5][137/938] Loss_D: 1.9550 Loss_G: 14.2421 D(x): 0.9973 D(G(z)): 0.8196 / 0.0000
[0/5][138/938] Loss_D: 0.4833 Loss_G: 15.2284 D(x): 0.7651 D(G(z)): 0.0002 / 0.0000
[0/5][139/938] Loss_D: 0.6359 Loss_G: 8.8145 D(x): 0.7402 D(G(z)): 0.0005 / 0.0005
[0/5][140/938] Loss_D: 1.5368 Loss_G: 10.3665 D(x): 0.8341 D(G(z)): 0.6509 / 0.0002
[0/5][141/938] Loss_D: 2.0633 Loss_G: 6.4276 D(x): 0.3521 D(G(z)): 0.0024 / 0.0034
[0/5][142/938] Loss_D: 0.1775 Loss_G: 3.1922 D(x): 0.9008 D(G(z)): 0.0388 / 0.0582
[0/5][143/938] Loss_D: 0.7973 Loss_G: 9.9102 D(x): 0.9820 D(G(z)): 0.5077 / 0.0004
[0/5][144/938] Loss_D: 0.2082 Loss_G: 9.6597 D(x): 0.8536 D(G(z)): 0.0065 / 0.0007
[0/5][145/938] Loss_D: 0.3373 Loss_G: 5.4044 D(x): 0.8166 D(G(z)): 0.0387 / 0.0261
[0/5][146/938] Loss_D: 0.7961 Loss_G: 8.1903 D(x): 0.9333 D(G(z)): 0.4571 / 0.0006
[0/5][147/938] Loss_D: 0.8362 Loss_G: 4.2875 D(x): 0.5961 D(G(z)): 0.0206 / 0.0318
[0/5][148/938] Loss_D: 0.5345 Loss_G: 6.0957 D(x): 0.8584 D(G(z)): 0.2498 / 0.0039
[0/5][149/938] Loss_D: 0.2419 Loss_G: 5.4004 D(x): 0.8626 D(G(z)): 0.0585 / 0.0092
[0/5][150/938] Loss_D: 0.2554 Loss_G: 5.1621 D(x): 0.8911 D(G(z)): 0.1060 / 0.0106
[0/5][151/938] Loss_D: 0.1842 Loss_G: 5.9861 D(x): 0.9473 D(G(z)): 0.1128 / 0.0043
[0/5][152/938] Loss_D: 0.1532 Loss_G: 4.9274 D(x): 0.9089 D(G(z)): 0.0348 / 0.0096
[0/5][153/938] Loss_D: 0.1553 Loss_G: 4.0530 D(x): 0.9228 D(G(z)): 0.0571 / 0.0203
[0/5][154/938] Loss_D: 0.2094 Loss_G: 6.0319 D(x): 0.9560 D(G(z)): 0.1438 / 0.0034
[0/5][155/938] Loss_D: 0.2712 Loss_G: 4.2115 D(x): 0.8294 D(G(z)): 0.0184 / 0.0188
[0/5][156/938] Loss_D: 0.1732 Loss_G: 4.7462 D(x): 0.9684 D(G(z)): 0.1276 / 0.0134
[0/5][157/938] Loss_D: 0.2131 Loss_G: 4.6048 D(x): 0.9093 D(G(z)): 0.0891 / 0.0166
[0/5][158/938] Loss_D: 0.1680 Loss_G: 4.6791 D(x): 0.9331 D(G(z)): 0.0832 / 0.0135
[0/5][159/938] Loss_D: 0.2029 Loss_G: 4.6081 D(x): 0.9241 D(G(z)): 0.1012 / 0.0176
[0/5][160/938] Loss_D: 0.2764 Loss_G: 4.3111 D(x): 0.8888 D(G(z)): 0.1153 / 0.0225
[0/5][161/938] Loss_D: 0.2951 Loss_G: 4.3802 D(x): 0.8732 D(G(z)): 0.1209 / 0.0194
[0/5][162/938] Loss_D: 0.2565 Loss_G: 3.8465 D(x): 0.8709 D(G(z)): 0.0924 / 0.0291
[0/5][163/938] Loss_D: 0.1965 Loss_G: 4.5620 D(x): 0.9278 D(G(z)): 0.1067 / 0.0149
[0/5][164/938] Loss_D: 0.1244 Loss_G: 5.0035 D(x): 0.9560 D(G(z)): 0.0727 / 0.0097
[0/5][165/938] Loss_D: 0.1408 Loss_G: 5.0597 D(x): 0.9346 D(G(z)): 0.0607 / 0.0105
[0/5][166/938] Loss_D: 0.1446 Loss_G: 4.1394 D(x): 0.9087 D(G(z)): 0.0356 / 0.0258
[0/5][167/938] Loss_D: 0.0915 Loss_G: 4.5766 D(x): 0.9831 D(G(z)): 0.0683 / 0.0172
[0/5][168/938] Loss_D: 0.1035 Loss_G: 4.4831 D(x): 0.9530 D(G(z)): 0.0499 / 0.0151
[0/5][169/938] Loss_D: 0.1628 Loss_G: 4.1594 D(x): 0.9249 D(G(z)): 0.0716 / 0.0221
[0/5][170/938] Loss_D: 0.1159 Loss_G: 4.5181 D(x): 0.9548 D(G(z)): 0.0624 / 0.0163
[0/5][171/938] Loss_D: 0.1173 Loss_G: 4.4543 D(x): 0.9438 D(G(z)): 0.0493 / 0.0185
[0/5][172/938] Loss_D: 0.1045 Loss_G: 4.4066 D(x): 0.9586 D(G(z)): 0.0559 / 0.0171
[0/5][173/938] Loss_D: 0.0998 Loss_G: 4.2951 D(x): 0.9532 D(G(z)): 0.0474 / 0.0182
[0/5][174/938] Loss_D: 0.1267 Loss_G: 4.3197 D(x): 0.9448 D(G(z)): 0.0611 / 0.0203
[0/5][175/938] Loss_D: 0.1027 Loss_G: 4.3244 D(x): 0.9517 D(G(z)): 0.0491 / 0.0196
[0/5][176/938] Loss_D: 0.1085 Loss_G: 4.4311 D(x): 0.9579 D(G(z)): 0.0596 / 0.0157
[0/5][177/938] Loss_D: 0.1060 Loss_G: 4.1257 D(x): 0.9442 D(G(z)): 0.0438 / 0.0184
[0/5][178/938] Loss_D: 0.0806 Loss_G: 4.3237 D(x): 0.9652 D(G(z)): 0.0405 / 0.0183
[0/5][179/938] Loss_D: 0.1551 Loss_G: 3.9610 D(x): 0.9283 D(G(z)): 0.0580 / 0.0230
[0/5][180/938] Loss_D: 0.1099 Loss_G: 4.4730 D(x): 0.9645 D(G(z)): 0.0630 / 0.0170
[0/5][181/938] Loss_D: 0.1045 Loss_G: 4.3335 D(x): 0.9482 D(G(z)): 0.0423 / 0.0170
[0/5][182/938] Loss_D: 0.1163 Loss_G: 4.4806 D(x): 0.9625 D(G(z)): 0.0706 / 0.0144
[0/5][183/938] Loss_D: 0.1547 Loss_G: 4.5318 D(x): 0.9436 D(G(z)): 0.0819 / 0.0128
[0/5][184/938] Loss_D: 0.2262 Loss_G: 6.1864 D(x): 0.9347 D(G(z)): 0.1347 / 0.0028
[0/5][185/938] Loss_D: 0.1999 Loss_G: 3.8523 D(x): 0.8644 D(G(z)): 0.0297 / 0.0296
[0/5][186/938] Loss_D: 0.2187 Loss_G: 6.4172 D(x): 0.9570 D(G(z)): 0.1511 / 0.0026
[0/5][187/938] Loss_D: 0.2505 Loss_G: 3.5259 D(x): 0.8280 D(G(z)): 0.0189 / 0.0394
[0/5][188/938] Loss_D: 0.1788 Loss_G: 6.3139 D(x): 0.9820 D(G(z)): 0.1443 / 0.0025
[0/5][189/938] Loss_D: 0.0438 Loss_G: 6.5054 D(x): 0.9700 D(G(z)): 0.0124 / 0.0023
[0/5][190/938] Loss_D: 0.1418 Loss_G: 4.4425 D(x): 0.9165 D(G(z)): 0.0119 / 0.0152
[0/5][191/938] Loss_D: 0.0676 Loss_G: 4.5681 D(x): 0.9888 D(G(z)): 0.0540 / 0.0139
[0/5][192/938] Loss_D: 0.0768 Loss_G: 5.5397 D(x): 0.9900 D(G(z)): 0.0637 / 0.0049
[0/5][193/938] Loss_D: 0.0653 Loss_G: 5.4658 D(x): 0.9584 D(G(z)): 0.0155 / 0.0061
[0/5][194/938] Loss_D: 0.1118 Loss_G: 3.6207 D(x): 0.9221 D(G(z)): 0.0239 / 0.0375
[0/5][195/938] Loss_D: 0.1510 Loss_G: 5.0069 D(x): 0.9656 D(G(z)): 0.1036 / 0.0095
[0/5][196/938] Loss_D: 0.0737 Loss_G: 5.1636 D(x): 0.9615 D(G(z)): 0.0322 / 0.0080
[0/5][197/938] Loss_D: 0.1200 Loss_G: 3.6063 D(x): 0.9201 D(G(z)): 0.0297 / 0.0366
[0/5][198/938] Loss_D: 0.1606 Loss_G: 5.6379 D(x): 0.9816 D(G(z)): 0.1219 / 0.0060
[0/5][199/938] Loss_D: 0.1114 Loss_G: 4.5126 D(x): 0.9209 D(G(z)): 0.0205 / 0.0155
[0/5][200/938] Loss_D: 0.1204 Loss_G: 3.7615 D(x): 0.9406 D(G(z)): 0.0498 / 0.0311
[0/5][201/938] Loss_D: 0.2331 Loss_G: 7.8794 D(x): 0.9777 D(G(z)): 0.1760 / 0.0008
[0/5][202/938] Loss_D: 1.2796 Loss_G: 0.1252 D(x): 0.4039 D(G(z)): 0.0024 / 0.8932
[0/5][203/938] Loss_D: 3.6600 Loss_G: 13.7331 D(x): 0.9963 D(G(z)): 0.9455 / 0.0000
[0/5][204/938] Loss_D: 5.4011 Loss_G: 6.2733 D(x): 0.0165 D(G(z)): 0.0004 / 0.0696
[0/5][205/938] Loss_D: 0.4594 Loss_G: 2.5546 D(x): 0.8612 D(G(z)): 0.1630 / 0.2402
[0/5][206/938] Loss_D: 1.3978 Loss_G: 4.1174 D(x): 0.9800 D(G(z)): 0.5218 / 0.0316
[0/5][207/938] Loss_D: 0.3098 Loss_G: 4.7515 D(x): 0.8747 D(G(z)): 0.1287 / 0.0194
[0/5][208/938] Loss_D: 0.6606 Loss_G: 2.9219 D(x): 0.6866 D(G(z)): 0.1029 / 0.1119
[0/5][209/938] Loss_D: 0.6435 Loss_G: 3.4227 D(x): 0.8605 D(G(z)): 0.3010 / 0.0545
[0/5][210/938] Loss_D: 0.3815 Loss_G: 3.7825 D(x): 0.8575 D(G(z)): 0.1682 / 0.0375
[0/5][211/938] Loss_D: 0.4834 Loss_G: 2.9592 D(x): 0.7582 D(G(z)): 0.1193 / 0.0828
[0/5][212/938] Loss_D: 0.3675 Loss_G: 3.9690 D(x): 0.9108 D(G(z)): 0.2038 / 0.0356
[0/5][213/938] Loss_D: 0.2979 Loss_G: 4.5458 D(x): 0.8967 D(G(z)): 0.1479 / 0.0183
[0/5][214/938] Loss_D: 0.2528 Loss_G: 4.0545 D(x): 0.8753 D(G(z)): 0.0851 / 0.0248
[0/5][215/938] Loss_D: 0.3118 Loss_G: 3.9849 D(x): 0.8684 D(G(z)): 0.1315 / 0.0253
[0/5][216/938] Loss_D: 0.2809 Loss_G: 4.3206 D(x): 0.8707 D(G(z)): 0.1119 / 0.0171
[0/5][217/938] Loss_D: 0.2201 Loss_G: 4.0014 D(x): 0.8673 D(G(z)): 0.0499 / 0.0240
[0/5][218/938] Loss_D: 0.1654 Loss_G: 3.9904 D(x): 0.9266 D(G(z)): 0.0752 / 0.0262
[0/5][219/938] Loss_D: 0.1910 Loss_G: 4.5994 D(x): 0.9562 D(G(z)): 0.1210 / 0.0158
[0/5][220/938] Loss_D: 0.1397 Loss_G: 4.6628 D(x): 0.9300 D(G(z)): 0.0503 / 0.0138
[0/5][221/938] Loss_D: 0.1331 Loss_G: 4.1826 D(x): 0.9450 D(G(z)): 0.0666 / 0.0231
[0/5][222/938] Loss_D: 0.3929 Loss_G: 3.7540 D(x): 0.8613 D(G(z)): 0.1495 / 0.0323
[0/5][223/938] Loss_D: 0.3496 Loss_G: 3.6733 D(x): 0.8508 D(G(z)): 0.1250 / 0.0434
[0/5][224/938] Loss_D: 0.2600 Loss_G: 4.1754 D(x): 0.9186 D(G(z)): 0.1372 / 0.0219
[0/5][225/938] Loss_D: 0.2166 Loss_G: 3.6945 D(x): 0.8671 D(G(z)): 0.0428 / 0.0314
[0/5][226/938] Loss_D: 0.1536 Loss_G: 3.5687 D(x): 0.9409 D(G(z)): 0.0845 / 0.0357
[0/5][227/938] Loss_D: 0.2313 Loss_G: 3.8623 D(x): 0.9225 D(G(z)): 0.1220 / 0.0277
[0/5][228/938] Loss_D: 0.2210 Loss_G: 3.6990 D(x): 0.8942 D(G(z)): 0.0766 / 0.0356
[0/5][229/938] Loss_D: 0.1363 Loss_G: 3.8837 D(x): 0.9422 D(G(z)): 0.0682 / 0.0320
[0/5][230/938] Loss_D: 0.2915 Loss_G: 3.3987 D(x): 0.8853 D(G(z)): 0.1315 / 0.0502
[0/5][231/938] Loss_D: 0.2483 Loss_G: 3.5277 D(x): 0.9059 D(G(z)): 0.1227 / 0.0390
[0/5][232/938] Loss_D: 0.2834 Loss_G: 3.5384 D(x): 0.8849 D(G(z)): 0.1227 / 0.0381
[0/5][233/938] Loss_D: 0.2960 Loss_G: 3.9058 D(x): 0.8973 D(G(z)): 0.1530 / 0.0273
[0/5][234/938] Loss_D: 0.3439 Loss_G: 2.3933 D(x): 0.7829 D(G(z)): 0.0638 / 0.1226
[0/5][235/938] Loss_D: 0.4389 Loss_G: 5.2344 D(x): 0.9396 D(G(z)): 0.2911 / 0.0070
[0/5][236/938] Loss_D: 0.4456 Loss_G: 2.7062 D(x): 0.6937 D(G(z)): 0.0180 / 0.0867
[0/5][237/938] Loss_D: 0.2465 Loss_G: 4.1256 D(x): 0.9835 D(G(z)): 0.1947 / 0.0208
[0/5][238/938] Loss_D: 0.1512 Loss_G: 4.3900 D(x): 0.9230 D(G(z)): 0.0602 / 0.0164
[0/5][239/938] Loss_D: 0.1327 Loss_G: 3.9320 D(x): 0.9326 D(G(z)): 0.0539 / 0.0276
[0/5][240/938] Loss_D: 0.1774 Loss_G: 3.5129 D(x): 0.9246 D(G(z)): 0.0869 / 0.0380
[0/5][241/938] Loss_D: 0.2385 Loss_G: 3.6494 D(x): 0.9022 D(G(z)): 0.1106 / 0.0375
[0/5][242/938] Loss_D: 0.1872 Loss_G: 3.8187 D(x): 0.9178 D(G(z)): 0.0843 / 0.0309
[0/5][243/938] Loss_D: 0.2101 Loss_G: 3.0050 D(x): 0.8840 D(G(z)): 0.0698 / 0.0659
[0/5][244/938] Loss_D: 0.3211 Loss_G: 5.4454 D(x): 0.9448 D(G(z)): 0.2157 / 0.0058
[0/5][245/938] Loss_D: 0.3804 Loss_G: 2.5346 D(x): 0.7390 D(G(z)): 0.0170 / 0.1173
[0/5][246/938] Loss_D: 0.2298 Loss_G: 3.8954 D(x): 0.9702 D(G(z)): 0.1690 / 0.0271
[0/5][247/938] Loss_D: 0.1939 Loss_G: 4.8245 D(x): 0.9462 D(G(z)): 0.1181 / 0.0125
[0/5][248/938] Loss_D: 0.1531 Loss_G: 4.0284 D(x): 0.9020 D(G(z)): 0.0351 / 0.0254
[0/5][249/938] Loss_D: 0.2594 Loss_G: 2.8184 D(x): 0.8795 D(G(z)): 0.0990 / 0.0801
[0/5][250/938] Loss_D: 0.3582 Loss_G: 5.8157 D(x): 0.9497 D(G(z)): 0.2409 / 0.0052
[0/5][251/938] Loss_D: 0.6052 Loss_G: 0.7839 D(x): 0.6254 D(G(z)): 0.0274 / 0.5399
[0/5][252/938] Loss_D: 1.1602 Loss_G: 9.9409 D(x): 0.9919 D(G(z)): 0.6064 / 0.0002
[0/5][253/938] Loss_D: 1.1583 Loss_G: 4.4071 D(x): 0.4544 D(G(z)): 0.0012 / 0.0662
[0/5][254/938] Loss_D: 0.2810 Loss_G: 3.3719 D(x): 0.9707 D(G(z)): 0.1813 / 0.0729
[0/5][255/938] Loss_D: 0.4227 Loss_G: 5.8638 D(x): 0.9653 D(G(z)): 0.2655 / 0.0040
[0/5][256/938] Loss_D: 0.2601 Loss_G: 4.5361 D(x): 0.8097 D(G(z)): 0.0148 / 0.0182
[0/5][257/938] Loss_D: 0.2094 Loss_G: 2.9784 D(x): 0.8748 D(G(z)): 0.0430 / 0.0774
[0/5][258/938] Loss_D: 0.3413 Loss_G: 5.4965 D(x): 0.9605 D(G(z)): 0.2310 / 0.0062
[0/5][259/938] Loss_D: 0.2498 Loss_G: 4.5410 D(x): 0.8251 D(G(z)): 0.0161 / 0.0219
[0/5][260/938] Loss_D: 0.1826 Loss_G: 3.5669 D(x): 0.9173 D(G(z)): 0.0792 / 0.0548
[0/5][261/938] Loss_D: 0.1269 Loss_G: 4.4858 D(x): 0.9788 D(G(z)): 0.0952 / 0.0168
[0/5][262/938] Loss_D: 0.1284 Loss_G: 4.3275 D(x): 0.9408 D(G(z)): 0.0607 / 0.0181
[0/5][263/938] Loss_D: 0.1782 Loss_G: 4.4628 D(x): 0.9340 D(G(z)): 0.0917 / 0.0174
[0/5][264/938] Loss_D: 0.2621 Loss_G: 2.7970 D(x): 0.8323 D(G(z)): 0.0548 / 0.0944
[0/5][265/938] Loss_D: 0.2842 Loss_G: 5.9961 D(x): 0.9727 D(G(z)): 0.2091 / 0.0037
[0/5][266/938] Loss_D: 0.1639 Loss_G: 4.9574 D(x): 0.8737 D(G(z)): 0.0121 / 0.0109
[0/5][267/938] Loss_D: 0.1604 Loss_G: 3.0777 D(x): 0.8951 D(G(z)): 0.0358 / 0.0708
[0/5][268/938] Loss_D: 0.3474 Loss_G: 6.1753 D(x): 0.9562 D(G(z)): 0.2265 / 0.0032
[0/5][269/938] Loss_D: 0.2547 Loss_G: 3.9445 D(x): 0.8048 D(G(z)): 0.0087 / 0.0263
[0/5][270/938] Loss_D: 0.2245 Loss_G: 4.7878 D(x): 0.9730 D(G(z)): 0.1627 / 0.0143
[0/5][271/938] Loss_D: 0.2007 Loss_G: 3.9855 D(x): 0.8852 D(G(z)): 0.0569 / 0.0275
[0/5][272/938] Loss_D: 0.1591 Loss_G: 4.0881 D(x): 0.9306 D(G(z)): 0.0758 / 0.0252
[0/5][273/938] Loss_D: 0.1846 Loss_G: 4.1189 D(x): 0.9143 D(G(z)): 0.0775 / 0.0222
[0/5][274/938] Loss_D: 0.2024 Loss_G: 4.2929 D(x): 0.9133 D(G(z)): 0.0906 / 0.0195
[0/5][275/938] Loss_D: 0.0987 Loss_G: 4.5442 D(x): 0.9546 D(G(z)): 0.0455 / 0.0145
[0/5][276/938] Loss_D: 0.1682 Loss_G: 3.1077 D(x): 0.8955 D(G(z)): 0.0482 / 0.0566
[0/5][277/938] Loss_D: 0.2060 Loss_G: 6.5416 D(x): 0.9856 D(G(z)): 0.1622 / 0.0025
[0/5][278/938] Loss_D: 0.2315 Loss_G: 3.3463 D(x): 0.8185 D(G(z)): 0.0090 / 0.0685
[0/5][279/938] Loss_D: 0.1509 Loss_G: 4.6557 D(x): 0.9857 D(G(z)): 0.1174 / 0.0149
[0/5][280/938] Loss_D: 0.1291 Loss_G: 4.6766 D(x): 0.9437 D(G(z)): 0.0476 / 0.0143
[0/5][281/938] Loss_D: 0.1008 Loss_G: 4.4401 D(x): 0.9524 D(G(z)): 0.0466 / 0.0170
[0/5][282/938] Loss_D: 0.1147 Loss_G: 3.7858 D(x): 0.9257 D(G(z)): 0.0307 / 0.0374
[0/5][283/938] Loss_D: 0.1177 Loss_G: 4.5377 D(x): 0.9687 D(G(z)): 0.0787 / 0.0160
[0/5][284/938] Loss_D: 0.0766 Loss_G: 4.8740 D(x): 0.9628 D(G(z)): 0.0341 / 0.0134
[0/5][285/938] Loss_D: 0.0976 Loss_G: 3.9009 D(x): 0.9430 D(G(z)): 0.0205 / 0.0286
[0/5][286/938] Loss_D: 0.1800 Loss_G: 5.0890 D(x): 0.9560 D(G(z)): 0.1148 / 0.0093
[0/5][287/938] Loss_D: 0.1714 Loss_G: 3.9212 D(x): 0.9108 D(G(z)): 0.0622 / 0.0344
[0/5][288/938] Loss_D: 0.2467 Loss_G: 4.0031 D(x): 0.9107 D(G(z)): 0.1151 / 0.0313
[0/5][289/938] Loss_D: 0.2904 Loss_G: 2.3797 D(x): 0.8496 D(G(z)): 0.0800 / 0.1370
[0/5][290/938] Loss_D: 0.5943 Loss_G: 13.4787 D(x): 0.9730 D(G(z)): 0.3791 / 0.0000
[0/5][291/938] Loss_D: 5.4676 Loss_G: 0.2190 D(x): 0.0276 D(G(z)): 0.0000 / 0.8292
[0/5][292/938] Loss_D: 2.3595 Loss_G: 9.5210 D(x): 0.9978 D(G(z)): 0.8417 / 0.0012
[0/5][293/938] Loss_D: 1.6298 Loss_G: 4.5430 D(x): 0.4299 D(G(z)): 0.0137 / 0.0676
[0/5][294/938] Loss_D: 1.2083 Loss_G: 3.9146 D(x): 0.9133 D(G(z)): 0.5062 / 0.0810
[0/5][295/938] Loss_D: 1.1492 Loss_G: 3.0593 D(x): 0.6011 D(G(z)): 0.2443 / 0.1029
[0/5][296/938] Loss_D: 0.8265 Loss_G: 2.4640 D(x): 0.6765 D(G(z)): 0.2168 / 0.1548
[0/5][297/938] Loss_D: 0.6208 Loss_G: 4.8501 D(x): 0.8821 D(G(z)): 0.3295 / 0.0138
[0/5][298/938] Loss_D: 0.6302 Loss_G: 3.8299 D(x): 0.7644 D(G(z)): 0.1710 / 0.0603
[0/5][299/938] Loss_D: 0.9476 Loss_G: 4.3339 D(x): 0.7559 D(G(z)): 0.3783 / 0.0302
[0/5][300/938] Loss_D: 1.1047 Loss_G: 1.7102 D(x): 0.4894 D(G(z)): 0.1015 / 0.2823
[0/5][301/938] Loss_D: 0.9082 Loss_G: 6.8301 D(x): 0.9593 D(G(z)): 0.4915 / 0.0021
[0/5][302/938] Loss_D: 0.5018 Loss_G: 4.9890 D(x): 0.6946 D(G(z)): 0.0133 / 0.0120
[0/5][303/938] Loss_D: 0.2455 Loss_G: 2.9154 D(x): 0.8757 D(G(z)): 0.0842 / 0.0863
[0/5][304/938] Loss_D: 0.4717 Loss_G: 5.4426 D(x): 0.9390 D(G(z)): 0.2873 / 0.0068
[0/5][305/938] Loss_D: 0.3497 Loss_G: 3.9524 D(x): 0.7644 D(G(z)): 0.0293 / 0.0292
[0/5][306/938] Loss_D: 0.2581 Loss_G: 2.9213 D(x): 0.8831 D(G(z)): 0.0933 / 0.0671
[0/5][307/938] Loss_D: 0.4339 Loss_G: 3.7378 D(x): 0.8757 D(G(z)): 0.2281 / 0.0337
[0/5][308/938] Loss_D: 0.3135 Loss_G: 3.8985 D(x): 0.8661 D(G(z)): 0.1338 / 0.0322
[0/5][309/938] Loss_D: 0.3179 Loss_G: 3.5089 D(x): 0.8655 D(G(z)): 0.1410 / 0.0420
[0/5][310/938] Loss_D: 0.4377 Loss_G: 3.0319 D(x): 0.8189 D(G(z)): 0.1479 / 0.0709
[0/5][311/938] Loss_D: 0.4252 Loss_G: 3.9776 D(x): 0.8655 D(G(z)): 0.2163 / 0.0256
[0/5][312/938] Loss_D: 0.5213 Loss_G: 2.1261 D(x): 0.7035 D(G(z)): 0.0945 / 0.1554
[0/5][313/938] Loss_D: 0.3726 Loss_G: 4.5674 D(x): 0.9509 D(G(z)): 0.2609 / 0.0133
[0/5][314/938] Loss_D: 0.2875 Loss_G: 3.6548 D(x): 0.8216 D(G(z)): 0.0565 / 0.0376
[0/5][315/938] Loss_D: 0.2513 Loss_G: 3.9553 D(x): 0.9408 D(G(z)): 0.1580 / 0.0292
[0/5][316/938] Loss_D: 0.3869 Loss_G: 4.0260 D(x): 0.8516 D(G(z)): 0.1652 / 0.0285
[0/5][317/938] Loss_D: 0.3602 Loss_G: 3.6797 D(x): 0.8434 D(G(z)): 0.1386 / 0.0346
[0/5][318/938] Loss_D: 0.3312 Loss_G: 4.2986 D(x): 0.8782 D(G(z)): 0.1584 / 0.0210
[0/5][319/938] Loss_D: 0.3874 Loss_G: 2.8222 D(x): 0.7729 D(G(z)): 0.0723 / 0.0871
[0/5][320/938] Loss_D: 0.2587 Loss_G: 4.9257 D(x): 0.9530 D(G(z)): 0.1714 / 0.0116
[0/5][321/938] Loss_D: 0.1462 Loss_G: 4.6338 D(x): 0.9188 D(G(z)): 0.0507 / 0.0158
[0/5][322/938] Loss_D: 0.3343 Loss_G: 4.2992 D(x): 0.8827 D(G(z)): 0.1460 / 0.0243
[0/5][323/938] Loss_D: 0.3476 Loss_G: 4.0310 D(x): 0.8730 D(G(z)): 0.1480 / 0.0308
[0/5][324/938] Loss_D: 0.3166 Loss_G: 3.4864 D(x): 0.8575 D(G(z)): 0.1067 / 0.0539
[0/5][325/938] Loss_D: 0.3387 Loss_G: 3.9930 D(x): 0.8795 D(G(z)): 0.1575 / 0.0289
[0/5][326/938] Loss_D: 0.1999 Loss_G: 3.5969 D(x): 0.8867 D(G(z)): 0.0652 / 0.0394
[0/5][327/938] Loss_D: 0.2108 Loss_G: 3.1336 D(x): 0.8978 D(G(z)): 0.0769 / 0.0578
[0/5][328/938] Loss_D: 0.2504 Loss_G: 4.7401 D(x): 0.9560 D(G(z)): 0.1751 / 0.0116
[0/5][329/938] Loss_D: 0.4002 Loss_G: 1.4746 D(x): 0.7265 D(G(z)): 0.0352 / 0.2757
[0/5][330/938] Loss_D: 0.9363 Loss_G: 9.7887 D(x): 0.9848 D(G(z)): 0.5508 / 0.0002
[0/5][331/938] Loss_D: 3.2604 Loss_G: 0.8818 D(x): 0.1102 D(G(z)): 0.0009 / 0.5461
[0/5][332/938] Loss_D: 1.2895 Loss_G: 6.0876 D(x): 0.9861 D(G(z)): 0.6051 / 0.0052
[0/5][333/938] Loss_D: 0.6952 Loss_G: 2.3798 D(x): 0.6066 D(G(z)): 0.0215 / 0.1475
[0/5][334/938] Loss_D: 0.5809 Loss_G: 4.1359 D(x): 0.9428 D(G(z)): 0.3173 / 0.0245
[0/5][335/938] Loss_D: 0.2836 Loss_G: 3.8914 D(x): 0.8701 D(G(z)): 0.1071 / 0.0420
[0/5][336/938] Loss_D: 0.5376 Loss_G: 2.2663 D(x): 0.7411 D(G(z)): 0.1651 / 0.1506
[0/5][337/938] Loss_D: 0.5633 Loss_G: 5.1789 D(x): 0.8929 D(G(z)): 0.3200 / 0.0083
[0/5][338/938] Loss_D: 0.7569 Loss_G: 1.8155 D(x): 0.5582 D(G(z)): 0.0214 / 0.2400
[0/5][339/938] Loss_D: 0.6476 Loss_G: 6.2098 D(x): 0.9832 D(G(z)): 0.4220 / 0.0034
[0/5][340/938] Loss_D: 0.2487 Loss_G: 5.0253 D(x): 0.8203 D(G(z)): 0.0203 / 0.0104
[0/5][341/938] Loss_D: 0.2664 Loss_G: 2.8035 D(x): 0.8629 D(G(z)): 0.0747 / 0.0841
[0/5][342/938] Loss_D: 0.5311 Loss_G: 4.4584 D(x): 0.9363 D(G(z)): 0.3082 / 0.0244
[0/5][343/938] Loss_D: 0.4772 Loss_G: 3.1203 D(x): 0.7273 D(G(z)): 0.0699 / 0.0767
[0/5][344/938] Loss_D: 0.3760 Loss_G: 3.6017 D(x): 0.8994 D(G(z)): 0.1906 / 0.0460
[0/5][345/938] Loss_D: 0.2575 Loss_G: 4.3840 D(x): 0.9218 D(G(z)): 0.1399 / 0.0212
[0/5][346/938] Loss_D: 0.2548 Loss_G: 3.2328 D(x): 0.8361 D(G(z)): 0.0560 / 0.0568
[0/5][347/938] Loss_D: 0.3496 Loss_G: 4.3370 D(x): 0.9178 D(G(z)): 0.2024 / 0.0212
[0/5][348/938] Loss_D: 0.2456 Loss_G: 3.8285 D(x): 0.8650 D(G(z)): 0.0728 / 0.0339
[0/5][349/938] Loss_D: 0.3301 Loss_G: 2.2208 D(x): 0.8059 D(G(z)): 0.0839 / 0.1472
[0/5][350/938] Loss_D: 0.3911 Loss_G: 5.5052 D(x): 0.9569 D(G(z)): 0.2678 / 0.0064
[0/5][351/938] Loss_D: 0.3686 Loss_G: 3.3192 D(x): 0.7560 D(G(z)): 0.0179 / 0.0520
[0/5][352/938] Loss_D: 0.2296 Loss_G: 3.3869 D(x): 0.9569 D(G(z)): 0.1567 / 0.0458
[0/5][353/938] Loss_D: 0.2917 Loss_G: 3.6438 D(x): 0.8817 D(G(z)): 0.1185 / 0.0400
[0/5][354/938] Loss_D: 0.2199 Loss_G: 3.4761 D(x): 0.8887 D(G(z)): 0.0796 / 0.0454
[0/5][355/938] Loss_D: 0.2068 Loss_G: 3.7404 D(x): 0.9280 D(G(z)): 0.1039 / 0.0335
[0/5][356/938] Loss_D: 0.2157 Loss_G: 3.7694 D(x): 0.9078 D(G(z)): 0.0901 / 0.0370
[0/5][357/938] Loss_D: 0.1884 Loss_G: 3.0977 D(x): 0.8921 D(G(z)): 0.0620 / 0.0593
[0/5][358/938] Loss_D: 0.2158 Loss_G: 2.7704 D(x): 0.8894 D(G(z)): 0.0776 / 0.0869
[0/5][359/938] Loss_D: 0.2840 Loss_G: 5.1051 D(x): 0.9677 D(G(z)): 0.2038 / 0.0088
[0/5][360/938] Loss_D: 0.4058 Loss_G: 2.1240 D(x): 0.7195 D(G(z)): 0.0136 / 0.1461
[0/5][361/938] Loss_D: 0.3413 Loss_G: 4.6813 D(x): 0.9809 D(G(z)): 0.2485 / 0.0144
[0/5][362/938] Loss_D: 0.1347 Loss_G: 4.4384 D(x): 0.9117 D(G(z)): 0.0345 / 0.0189
[0/5][363/938] Loss_D: 0.2031 Loss_G: 2.7006 D(x): 0.8598 D(G(z)): 0.0239 / 0.0995
[0/5][364/938] Loss_D: 0.3411 Loss_G: 5.1166 D(x): 0.9730 D(G(z)): 0.2466 / 0.0093
[0/5][365/938] Loss_D: 0.3005 Loss_G: 3.4175 D(x): 0.7877 D(G(z)): 0.0139 / 0.0518
[0/5][366/938] Loss_D: 0.1674 Loss_G: 2.9109 D(x): 0.9447 D(G(z)): 0.0960 / 0.0786
[0/5][367/938] Loss_D: 0.1908 Loss_G: 3.9246 D(x): 0.9451 D(G(z)): 0.1135 / 0.0303
[0/5][368/938] Loss_D: 0.1634 Loss_G: 3.4476 D(x): 0.9018 D(G(z)): 0.0494 / 0.0450
[0/5][369/938] Loss_D: 0.1443 Loss_G: 3.7128 D(x): 0.9601 D(G(z)): 0.0918 / 0.0375
[0/5][370/938] Loss_D: 0.1372 Loss_G: 3.4500 D(x): 0.9223 D(G(z)): 0.0477 / 0.0496
[0/5][371/938] Loss_D: 0.1401 Loss_G: 3.1237 D(x): 0.9314 D(G(z)): 0.0602 / 0.0631
[0/5][372/938] Loss_D: 0.2017 Loss_G: 4.3495 D(x): 0.9648 D(G(z)): 0.1425 / 0.0195
[0/5][373/938] Loss_D: 0.1956 Loss_G: 2.9730 D(x): 0.8513 D(G(z)): 0.0215 / 0.0729
[0/5][374/938] Loss_D: 0.2459 Loss_G: 4.2711 D(x): 0.9598 D(G(z)): 0.1744 / 0.0187
[0/5][375/938] Loss_D: 0.2036 Loss_G: 2.9453 D(x): 0.8488 D(G(z)): 0.0224 / 0.0698
[0/5][376/938] Loss_D: 0.2161 Loss_G: 3.4041 D(x): 0.9360 D(G(z)): 0.1241 / 0.0445
[0/5][377/938] Loss_D: 0.1286 Loss_G: 4.1845 D(x): 0.9549 D(G(z)): 0.0761 / 0.0212
[0/5][378/938] Loss_D: 0.1738 Loss_G: 3.0347 D(x): 0.8822 D(G(z)): 0.0306 / 0.0749
[0/5][379/938] Loss_D: 0.1636 Loss_G: 3.8976 D(x): 0.9690 D(G(z)): 0.1169 / 0.0310
[0/5][380/938] Loss_D: 0.0962 Loss_G: 4.2592 D(x): 0.9549 D(G(z)): 0.0465 / 0.0205
[0/5][381/938] Loss_D: 0.1314 Loss_G: 3.2103 D(x): 0.9166 D(G(z)): 0.0326 / 0.0537
[0/5][382/938] Loss_D: 0.1425 Loss_G: 3.8497 D(x): 0.9661 D(G(z)): 0.0981 / 0.0287
[0/5][383/938] Loss_D: 0.1861 Loss_G: 3.5167 D(x): 0.9094 D(G(z)): 0.0694 / 0.0455
[0/5][384/938] Loss_D: 0.1338 Loss_G: 3.6289 D(x): 0.9425 D(G(z)): 0.0655 / 0.0388
[0/5][385/938] Loss_D: 0.1462 Loss_G: 3.5818 D(x): 0.9389 D(G(z)): 0.0716 / 0.0418
[0/5][386/938] Loss_D: 0.1411 Loss_G: 4.1550 D(x): 0.9533 D(G(z)): 0.0846 / 0.0215
[0/5][387/938] Loss_D: 0.2045 Loss_G: 2.1515 D(x): 0.8556 D(G(z)): 0.0283 / 0.1555
[0/5][388/938] Loss_D: 0.3836 Loss_G: 6.8989 D(x): 0.9843 D(G(z)): 0.2677 / 0.0024
[0/5][389/938] Loss_D: 0.8325 Loss_G: 0.4402 D(x): 0.4991 D(G(z)): 0.0049 / 0.7010
[0/5][390/938] Loss_D: 1.8237 Loss_G: 20.5066 D(x): 0.9922 D(G(z)): 0.7640 / 0.0000
[0/5][391/938] Loss_D: 16.6083 Loss_G: 3.2281 D(x): 0.0000 D(G(z)): 0.0000 / 0.0915
[0/5][392/938] Loss_D: 0.4898 Loss_G: 1.3519 D(x): 0.8747 D(G(z)): 0.2307 / 0.3668
[0/5][393/938] Loss_D: 0.7819 Loss_G: 4.1377 D(x): 0.9369 D(G(z)): 0.4395 / 0.0334
[0/5][394/938] Loss_D: 0.8890 Loss_G: 1.4878 D(x): 0.5650 D(G(z)): 0.0782 / 0.3065
[0/5][395/938] Loss_D: 0.6827 Loss_G: 3.4884 D(x): 0.9569 D(G(z)): 0.4246 / 0.0504
[0/5][396/938] Loss_D: 0.4924 Loss_G: 3.3811 D(x): 0.7975 D(G(z)): 0.1643 / 0.0576
[0/5][397/938] Loss_D: 0.4586 Loss_G: 2.0536 D(x): 0.7557 D(G(z)): 0.1207 / 0.1778
[0/5][398/938] Loss_D: 0.5728 Loss_G: 3.6250 D(x): 0.8873 D(G(z)): 0.3292 / 0.0389
[0/5][399/938] Loss_D: 0.5087 Loss_G: 1.7818 D(x): 0.6725 D(G(z)): 0.0562 / 0.2081
[0/5][400/938] Loss_D: 0.5773 Loss_G: 4.9795 D(x): 0.9430 D(G(z)): 0.3502 / 0.0106
[0/5][401/938] Loss_D: 0.5714 Loss_G: 2.0909 D(x): 0.6187 D(G(z)): 0.0188 / 0.1820
[0/5][402/938] Loss_D: 0.4618 Loss_G: 3.8771 D(x): 0.9759 D(G(z)): 0.3131 / 0.0327
[0/5][403/938] Loss_D: 0.2299 Loss_G: 4.2038 D(x): 0.9032 D(G(z)): 0.1061 / 0.0259
[0/5][404/938] Loss_D: 0.3377 Loss_G: 2.3527 D(x): 0.7806 D(G(z)): 0.0557 / 0.1317
[0/5][405/938] Loss_D: 0.3197 Loss_G: 2.9375 D(x): 0.9093 D(G(z)): 0.1856 / 0.0734
[0/5][406/938] Loss_D: 0.2806 Loss_G: 4.2053 D(x): 0.9320 D(G(z)): 0.1662 / 0.0265
[0/5][407/938] Loss_D: 0.4312 Loss_G: 2.0358 D(x): 0.7307 D(G(z)): 0.0491 / 0.1802
[0/5][408/938] Loss_D: 0.3130 Loss_G: 3.5053 D(x): 0.9570 D(G(z)): 0.2139 / 0.0449
[0/5][409/938] Loss_D: 0.2073 Loss_G: 3.7988 D(x): 0.9069 D(G(z)): 0.0892 / 0.0325
[0/5][410/938] Loss_D: 0.2698 Loss_G: 2.4782 D(x): 0.8377 D(G(z)): 0.0700 / 0.1075
[0/5][411/938] Loss_D: 0.2369 Loss_G: 3.7662 D(x): 0.9653 D(G(z)): 0.1681 / 0.0310
[0/5][412/938] Loss_D: 0.2489 Loss_G: 2.9495 D(x): 0.8349 D(G(z)): 0.0384 / 0.0726
[0/5][413/938] Loss_D: 0.1707 Loss_G: 3.1275 D(x): 0.9466 D(G(z)): 0.1037 / 0.0576
[0/5][414/938] Loss_D: 0.1908 Loss_G: 3.9892 D(x): 0.9550 D(G(z)): 0.1254 / 0.0251
[0/5][415/938] Loss_D: 0.2460 Loss_G: 2.5538 D(x): 0.8180 D(G(z)): 0.0272 / 0.1001
[0/5][416/938] Loss_D: 0.2193 Loss_G: 3.1711 D(x): 0.9568 D(G(z)): 0.1500 / 0.0581
[0/5][417/938] Loss_D: 0.2426 Loss_G: 3.8284 D(x): 0.9293 D(G(z)): 0.1392 / 0.0326
[0/5][418/938] Loss_D: 0.2920 Loss_G: 2.3390 D(x): 0.7964 D(G(z)): 0.0419 / 0.1303
[0/5][419/938] Loss_D: 0.3152 Loss_G: 3.9716 D(x): 0.9537 D(G(z)): 0.2162 / 0.0265
[0/5][420/938] Loss_D: 0.3153 Loss_G: 2.2608 D(x): 0.7764 D(G(z)): 0.0329 / 0.1361
[0/5][421/938] Loss_D: 0.2511 Loss_G: 3.4197 D(x): 0.9704 D(G(z)): 0.1845 / 0.0413
[0/5][422/938] Loss_D: 0.2199 Loss_G: 3.2586 D(x): 0.8851 D(G(z)): 0.0829 / 0.0488
[0/5][423/938] Loss_D: 0.2558 Loss_G: 2.4034 D(x): 0.8634 D(G(z)): 0.0884 / 0.1106
[0/5][424/938] Loss_D: 0.2388 Loss_G: 4.0907 D(x): 0.9565 D(G(z)): 0.1635 / 0.0237
[0/5][425/938] Loss_D: 0.2082 Loss_G: 3.0829 D(x): 0.8572 D(G(z)): 0.0342 / 0.0611
[0/5][426/938] Loss_D: 0.1439 Loss_G: 3.0921 D(x): 0.9486 D(G(z)): 0.0773 / 0.0633
[0/5][427/938] Loss_D: 0.2076 Loss_G: 4.0750 D(x): 0.9480 D(G(z)): 0.1351 / 0.0241
[0/5][428/938] Loss_D: 0.1806 Loss_G: 3.3281 D(x): 0.8805 D(G(z)): 0.0407 / 0.0492
[0/5][429/938] Loss_D: 0.2007 Loss_G: 2.1287 D(x): 0.8783 D(G(z)): 0.0608 / 0.1415
[0/5][430/938] Loss_D: 0.2711 Loss_G: 5.2894 D(x): 0.9860 D(G(z)): 0.2146 / 0.0071
[0/5][431/938] Loss_D: 0.2581 Loss_G: 3.2555 D(x): 0.8046 D(G(z)): 0.0143 / 0.0560
[0/5][432/938] Loss_D: 0.2075 Loss_G: 2.5385 D(x): 0.9098 D(G(z)): 0.0937 / 0.1121
[0/5][433/938] Loss_D: 0.1942 Loss_G: 4.8278 D(x): 0.9815 D(G(z)): 0.1549 / 0.0114
[0/5][434/938] Loss_D: 0.1905 Loss_G: 3.4408 D(x): 0.8569 D(G(z)): 0.0228 / 0.0437
[0/5][435/938] Loss_D: 0.1208 Loss_G: 3.1466 D(x): 0.9499 D(G(z)): 0.0636 / 0.0568
[0/5][436/938] Loss_D: 0.2373 Loss_G: 5.4165 D(x): 0.9784 D(G(z)): 0.1792 / 0.0062
[0/5][437/938] Loss_D: 0.5080 Loss_G: 0.7565 D(x): 0.6504 D(G(z)): 0.0154 / 0.5204
[0/5][438/938] Loss_D: 0.8374 Loss_G: 8.1301 D(x): 0.9978 D(G(z)): 0.5038 / 0.0006
[0/5][439/938] Loss_D: 1.3112 Loss_G: 1.0544 D(x): 0.3555 D(G(z)): 0.0020 / 0.4065
[0/5][440/938] Loss_D: 0.9057 Loss_G: 6.6496 D(x): 0.9982 D(G(z)): 0.5318 / 0.0025
[0/5][441/938] Loss_D: 1.0192 Loss_G: 1.1013 D(x): 0.4491 D(G(z)): 0.0065 / 0.4149
[0/5][442/938] Loss_D: 1.4482 Loss_G: 7.7534 D(x): 0.9972 D(G(z)): 0.6774 / 0.0010
[0/5][443/938] Loss_D: 2.0591 Loss_G: 0.8757 D(x): 0.2212 D(G(z)): 0.0068 / 0.5043
[0/5][444/938] Loss_D: 1.2533 Loss_G: 5.2685 D(x): 0.9946 D(G(z)): 0.6113 / 0.0109
[0/5][445/938] Loss_D: 0.5128 Loss_G: 3.8012 D(x): 0.6961 D(G(z)): 0.0259 / 0.0413
[0/5][446/938] Loss_D: 0.2469 Loss_G: 2.3547 D(x): 0.8676 D(G(z)): 0.0801 / 0.1410
[0/5][447/938] Loss_D: 0.3481 Loss_G: 4.6256 D(x): 0.9721 D(G(z)): 0.2444 / 0.0172
[0/5][448/938] Loss_D: 0.3080 Loss_G: 3.4393 D(x): 0.7989 D(G(z)): 0.0387 / 0.0580
[0/5][449/938] Loss_D: 0.2036 Loss_G: 2.8065 D(x): 0.9178 D(G(z)): 0.1023 / 0.0857
[0/5][450/938] Loss_D: 0.2591 Loss_G: 4.1218 D(x): 0.9712 D(G(z)): 0.1854 / 0.0255
[0/5][451/938] Loss_D: 0.2458 Loss_G: 3.2176 D(x): 0.8424 D(G(z)): 0.0543 / 0.0610
[0/5][452/938] Loss_D: 0.1487 Loss_G: 2.8873 D(x): 0.9229 D(G(z)): 0.0593 / 0.0711
[0/5][453/938] Loss_D: 0.1807 Loss_G: 3.2811 D(x): 0.9314 D(G(z)): 0.0953 / 0.0580
[0/5][454/938] Loss_D: 0.1478 Loss_G: 3.6853 D(x): 0.9552 D(G(z)): 0.0922 / 0.0328
[0/5][455/938] Loss_D: 0.2153 Loss_G: 2.9727 D(x): 0.8717 D(G(z)): 0.0560 / 0.0686
[0/5][456/938] Loss_D: 0.1429 Loss_G: 3.2039 D(x): 0.9467 D(G(z)): 0.0811 / 0.0526
[0/5][457/938] Loss_D: 0.1479 Loss_G: 3.5963 D(x): 0.9427 D(G(z)): 0.0782 / 0.0402
[0/5][458/938] Loss_D: 0.1289 Loss_G: 3.6314 D(x): 0.9441 D(G(z)): 0.0584 / 0.0361
[0/5][459/938] Loss_D: 0.1237 Loss_G: 3.5546 D(x): 0.9416 D(G(z)): 0.0541 / 0.0410
[0/5][460/938] Loss_D: 0.1038 Loss_G: 3.5904 D(x): 0.9501 D(G(z)): 0.0485 / 0.0406
[0/5][461/938] Loss_D: 0.1728 Loss_G: 3.1285 D(x): 0.9129 D(G(z)): 0.0645 / 0.0687
[0/5][462/938] Loss_D: 0.1334 Loss_G: 3.3559 D(x): 0.9600 D(G(z)): 0.0832 / 0.0468
[0/5][463/938] Loss_D: 0.1240 Loss_G: 3.6899 D(x): 0.9444 D(G(z)): 0.0602 / 0.0392
[0/5][464/938] Loss_D: 0.1766 Loss_G: 2.9705 D(x): 0.9059 D(G(z)): 0.0640 / 0.0766
[0/5][465/938] Loss_D: 0.1210 Loss_G: 3.6406 D(x): 0.9765 D(G(z)): 0.0888 / 0.0367
[0/5][466/938] Loss_D: 0.1394 Loss_G: 3.7244 D(x): 0.9323 D(G(z)): 0.0572 / 0.0395
[0/5][467/938] Loss_D: 0.1342 Loss_G: 3.3870 D(x): 0.9233 D(G(z)): 0.0467 / 0.0539
[0/5][468/938] Loss_D: 0.1012 Loss_G: 3.6208 D(x): 0.9678 D(G(z)): 0.0623 / 0.0410
[0/5][469/938] Loss_D: 0.1194 Loss_G: 3.6379 D(x): 0.9470 D(G(z)): 0.0587 / 0.0426
[0/5][470/938] Loss_D: 0.1332 Loss_G: 3.6899 D(x): 0.9500 D(G(z)): 0.0727 / 0.0404
[0/5][471/938] Loss_D: 0.1511 Loss_G: 3.5735 D(x): 0.9241 D(G(z)): 0.0638 / 0.0472
[0/5][472/938] Loss_D: 0.1357 Loss_G: 3.2654 D(x): 0.9254 D(G(z)): 0.0450 / 0.0563
[0/5][473/938] Loss_D: 0.1271 Loss_G: 3.4309 D(x): 0.9531 D(G(z)): 0.0688 / 0.0465
[0/5][474/938] Loss_D: 0.1417 Loss_G: 4.1281 D(x): 0.9597 D(G(z)): 0.0884 / 0.0282
[0/5][475/938] Loss_D: 0.1280 Loss_G: 4.0199 D(x): 0.9437 D(G(z)): 0.0627 / 0.0279
[0/5][476/938] Loss_D: 0.1740 Loss_G: 2.7329 D(x): 0.8760 D(G(z)): 0.0338 / 0.0885
[0/5][477/938] Loss_D: 0.1059 Loss_G: 3.3827 D(x): 0.9730 D(G(z)): 0.0726 / 0.0479
[0/5][478/938] Loss_D: 0.1230 Loss_G: 4.0098 D(x): 0.9611 D(G(z)): 0.0732 / 0.0271
[0/5][479/938] Loss_D: 0.1097 Loss_G: 3.9448 D(x): 0.9443 D(G(z)): 0.0477 / 0.0289
[0/5][480/938] Loss_D: 0.1129 Loss_G: 4.0173 D(x): 0.9580 D(G(z)): 0.0582 / 0.0318
[0/5][481/938] Loss_D: 0.1028 Loss_G: 3.5555 D(x): 0.9322 D(G(z)): 0.0294 / 0.0454
[0/5][482/938] Loss_D: 0.1041 Loss_G: 3.5402 D(x): 0.9610 D(G(z)): 0.0590 / 0.0432
[0/5][483/938] Loss_D: 0.1022 Loss_G: 3.9448 D(x): 0.9583 D(G(z)): 0.0521 / 0.0310
[0/5][484/938] Loss_D: 0.1163 Loss_G: 4.0799 D(x): 0.9569 D(G(z)): 0.0636 / 0.0257
[0/5][485/938] Loss_D: 0.1327 Loss_G: 3.3933 D(x): 0.9207 D(G(z)): 0.0407 / 0.0568
[0/5][486/938] Loss_D: 0.1687 Loss_G: 3.5980 D(x): 0.9423 D(G(z)): 0.0930 / 0.0412
[0/5][487/938] Loss_D: 0.1614 Loss_G: 4.4748 D(x): 0.9504 D(G(z)): 0.0975 / 0.0183
[0/5][488/938] Loss_D: 0.3144 Loss_G: 1.2830 D(x): 0.7838 D(G(z)): 0.0313 / 0.3520
[0/5][489/938] Loss_D: 0.5475 Loss_G: 7.7755 D(x): 0.9943 D(G(z)): 0.3644 / 0.0008
[0/5][490/938] Loss_D: 0.9209 Loss_G: 2.0954 D(x): 0.4923 D(G(z)): 0.0019 / 0.1788
[0/5][491/938] Loss_D: 0.2775 Loss_G: 5.8583 D(x): 0.9868 D(G(z)): 0.2068 / 0.0058
[0/5][492/938] Loss_D: 0.8846 Loss_G: 0.0029 D(x): 0.4902 D(G(z)): 0.0175 / 0.9971
[0/5][493/938] Loss_D: 7.0592 Loss_G: 7.3339 D(x): 1.0000 D(G(z)): 0.9976 / 0.0040
[0/5][494/938] Loss_D: 0.9635 Loss_G: 4.6562 D(x): 0.4763 D(G(z)): 0.0057 / 0.0185
[0/5][495/938] Loss_D: 0.2149 Loss_G: 2.1724 D(x): 0.8690 D(G(z)): 0.0501 / 0.1664
[0/5][496/938] Loss_D: 0.5814 Loss_G: 4.1117 D(x): 0.9691 D(G(z)): 0.3206 / 0.0318
[0/5][497/938] Loss_D: 0.4972 Loss_G: 2.8384 D(x): 0.6973 D(G(z)): 0.0546 / 0.0983
[0/5][498/938] Loss_D: 0.2982 Loss_G: 3.4917 D(x): 0.9575 D(G(z)): 0.2031 / 0.0480
[0/5][499/938] Loss_D: 0.2619 Loss_G: 3.3180 D(x): 0.8901 D(G(z)): 0.0990 / 0.0533
[0/5][500/938] Loss_D: 0.3082 Loss_G: 2.2946 D(x): 0.8332 D(G(z)): 0.0916 / 0.1338
[0/5][501/938] Loss_D: 0.2144 Loss_G: 3.2133 D(x): 0.9521 D(G(z)): 0.1442 / 0.0515
[0/5][502/938] Loss_D: 0.1800 Loss_G: 3.9158 D(x): 0.9424 D(G(z)): 0.1029 / 0.0303
[0/5][503/938] Loss_D: 0.1900 Loss_G: 3.2839 D(x): 0.8711 D(G(z)): 0.0422 / 0.0575
[0/5][504/938] Loss_D: 0.1778 Loss_G: 2.8366 D(x): 0.9149 D(G(z)): 0.0765 / 0.0827
[0/5][505/938] Loss_D: 0.1669 Loss_G: 3.5749 D(x): 0.9591 D(G(z)): 0.1112 / 0.0411
[0/5][506/938] Loss_D: 0.1903 Loss_G: 3.0074 D(x): 0.8711 D(G(z)): 0.0396 / 0.0638
[0/5][507/938] Loss_D: 0.1527 Loss_G: 3.4958 D(x): 0.9633 D(G(z)): 0.1024 / 0.0411
[0/5][508/938] Loss_D: 0.1769 Loss_G: 3.0180 D(x): 0.8808 D(G(z)): 0.0411 / 0.0652
[0/5][509/938] Loss_D: 0.1294 Loss_G: 3.4032 D(x): 0.9712 D(G(z)): 0.0907 / 0.0457
[0/5][510/938] Loss_D: 0.1472 Loss_G: 3.4627 D(x): 0.9341 D(G(z)): 0.0722 / 0.0428
[0/5][511/938] Loss_D: 0.0957 Loss_G: 3.7698 D(x): 0.9610 D(G(z)): 0.0529 / 0.0307
[0/5][512/938] Loss_D: 0.1028 Loss_G: 3.6314 D(x): 0.9316 D(G(z)): 0.0278 / 0.0368
[0/5][513/938] Loss_D: 0.1181 Loss_G: 3.5153 D(x): 0.9582 D(G(z)): 0.0690 / 0.0428
[0/5][514/938] Loss_D: 0.1182 Loss_G: 3.6114 D(x): 0.9495 D(G(z)): 0.0609 / 0.0396
[0/5][515/938] Loss_D: 0.0920 Loss_G: 3.7728 D(x): 0.9613 D(G(z)): 0.0493 / 0.0320
[0/5][516/938] Loss_D: 0.1647 Loss_G: 2.8645 D(x): 0.8857 D(G(z)): 0.0328 / 0.0870
[0/5][517/938] Loss_D: 0.2124 Loss_G: 3.8642 D(x): 0.9651 D(G(z)): 0.1529 / 0.0285
[0/5][518/938] Loss_D: 0.1603 Loss_G: 3.1614 D(x): 0.8929 D(G(z)): 0.0358 / 0.0569
[0/5][519/938] Loss_D: 0.1131 Loss_G: 3.4218 D(x): 0.9635 D(G(z)): 0.0682 / 0.0465
[0/5][520/938] Loss_D: 0.1055 Loss_G: 3.4957 D(x): 0.9423 D(G(z)): 0.0426 / 0.0400
[0/5][521/938] Loss_D: 0.0986 Loss_G: 3.8518 D(x): 0.9706 D(G(z)): 0.0638 / 0.0315
[0/5][522/938] Loss_D: 0.1847 Loss_G: 2.5965 D(x): 0.8824 D(G(z)): 0.0484 / 0.1015
[0/5][523/938] Loss_D: 0.0780 Loss_G: 3.4352 D(x): 0.9751 D(G(z)): 0.0498 / 0.0442
[0/5][524/938] Loss_D: 0.1425 Loss_G: 3.8785 D(x): 0.9543 D(G(z)): 0.0855 / 0.0311
[0/5][525/938] Loss_D: 0.1030 Loss_G: 3.7154 D(x): 0.9388 D(G(z)): 0.0360 / 0.0326
[0/5][526/938] Loss_D: 0.1303 Loss_G: 3.2949 D(x): 0.9391 D(G(z)): 0.0606 / 0.0512
[0/5][527/938] Loss_D: 0.1110 Loss_G: 4.0774 D(x): 0.9689 D(G(z)): 0.0709 / 0.0293
[0/5][528/938] Loss_D: 0.0713 Loss_G: 4.0197 D(x): 0.9624 D(G(z)): 0.0314 / 0.0248
[0/5][529/938] Loss_D: 0.2073 Loss_G: 1.5259 D(x): 0.8505 D(G(z)): 0.0321 / 0.2625
[0/5][530/938] Loss_D: 0.3683 Loss_G: 5.2899 D(x): 0.9929 D(G(z)): 0.2758 / 0.0084
[0/5][531/938] Loss_D: 0.2003 Loss_G: 3.9596 D(x): 0.8454 D(G(z)): 0.0125 / 0.0272
[0/5][532/938] Loss_D: 0.1020 Loss_G: 3.1270 D(x): 0.9391 D(G(z)): 0.0338 / 0.0608
[0/5][533/938] Loss_D: 0.1371 Loss_G: 3.2165 D(x): 0.9477 D(G(z)): 0.0738 / 0.0545
[0/5][534/938] Loss_D: 0.1493 Loss_G: 4.1492 D(x): 0.9562 D(G(z)): 0.0955 / 0.0214
[0/5][535/938] Loss_D: 0.1359 Loss_G: 3.1560 D(x): 0.8975 D(G(z)): 0.0162 / 0.0687
[0/5][536/938] Loss_D: 0.1595 Loss_G: 4.2055 D(x): 0.9863 D(G(z)): 0.1259 / 0.0213
[0/5][537/938] Loss_D: 0.1000 Loss_G: 4.3018 D(x): 0.9353 D(G(z)): 0.0243 / 0.0212
[0/5][538/938] Loss_D: 0.1493 Loss_G: 2.6914 D(x): 0.8868 D(G(z)): 0.0207 / 0.0942
[0/5][539/938] Loss_D: 0.1682 Loss_G: 4.3558 D(x): 0.9854 D(G(z)): 0.1239 / 0.0217
[0/5][540/938] Loss_D: 0.1422 Loss_G: 2.8970 D(x): 0.8932 D(G(z)): 0.0212 / 0.0742
[0/5][541/938] Loss_D: 0.1331 Loss_G: 4.2522 D(x): 0.9875 D(G(z)): 0.1070 / 0.0204
[0/5][542/938] Loss_D: 0.0678 Loss_G: 4.7654 D(x): 0.9668 D(G(z)): 0.0323 / 0.0140
[0/5][543/938] Loss_D: 0.1521 Loss_G: 2.3900 D(x): 0.8830 D(G(z)): 0.0191 / 0.1230
[0/5][544/938] Loss_D: 0.1412 Loss_G: 3.4596 D(x): 0.9735 D(G(z)): 0.1030 / 0.0448
[0/5][545/938] Loss_D: 0.1502 Loss_G: 5.1448 D(x): 0.9801 D(G(z)): 0.1155 / 0.0093
[0/5][546/938] Loss_D: 0.1491 Loss_G: 3.8209 D(x): 0.8753 D(G(z)): 0.0079 / 0.0306
[0/5][547/938] Loss_D: 0.0939 Loss_G: 2.5666 D(x): 0.9371 D(G(z)): 0.0267 / 0.0957
[0/5][548/938] Loss_D: 0.1759 Loss_G: 4.6497 D(x): 0.9833 D(G(z)): 0.1407 / 0.0134
[0/5][549/938] Loss_D: 0.1304 Loss_G: 3.5547 D(x): 0.9071 D(G(z)): 0.0237 / 0.0438
[0/5][550/938] Loss_D: 0.0862 Loss_G: 3.4267 D(x): 0.9559 D(G(z)): 0.0382 / 0.0536
[0/5][551/938] Loss_D: 0.0708 Loss_G: 4.2327 D(x): 0.9855 D(G(z)): 0.0523 / 0.0217
[0/5][552/938] Loss_D: 0.0871 Loss_G: 3.9713 D(x): 0.9518 D(G(z)): 0.0345 / 0.0264
[0/5][553/938] Loss_D: 0.0897 Loss_G: 3.2264 D(x): 0.9421 D(G(z)): 0.0269 / 0.0578
[0/5][554/938] Loss_D: 0.0917 Loss_G: 4.0737 D(x): 0.9857 D(G(z)): 0.0713 / 0.0246
[0/5][555/938] Loss_D: 0.1161 Loss_G: 3.7442 D(x): 0.9397 D(G(z)): 0.0485 / 0.0337
[0/5][556/938] Loss_D: 0.0744 Loss_G: 3.8597 D(x): 0.9500 D(G(z)): 0.0208 / 0.0333
[0/5][557/938] Loss_D: 0.0767 Loss_G: 3.6204 D(x): 0.9690 D(G(z)): 0.0422 / 0.0367
[0/5][558/938] Loss_D: 0.0929 Loss_G: 4.0095 D(x): 0.9722 D(G(z)): 0.0612 / 0.0241
[0/5][559/938] Loss_D: 0.0580 Loss_G: 4.3208 D(x): 0.9673 D(G(z)): 0.0239 / 0.0190
[0/5][560/938] Loss_D: 0.1116 Loss_G: 2.8500 D(x): 0.9297 D(G(z)): 0.0344 / 0.0795
[0/5][561/938] Loss_D: 0.1060 Loss_G: 3.8730 D(x): 0.9775 D(G(z)): 0.0763 / 0.0271
[0/5][562/938] Loss_D: 0.1229 Loss_G: 3.5258 D(x): 0.9302 D(G(z)): 0.0428 / 0.0390
[0/5][563/938] Loss_D: 0.0849 Loss_G: 3.8290 D(x): 0.9606 D(G(z)): 0.0391 / 0.0346
[0/5][564/938] Loss_D: 0.1057 Loss_G: 3.4508 D(x): 0.9518 D(G(z)): 0.0521 / 0.0419
[0/5][565/938] Loss_D: 0.0868 Loss_G: 3.4713 D(x): 0.9561 D(G(z)): 0.0387 / 0.0429
[0/5][566/938] Loss_D: 0.0794 Loss_G: 4.4820 D(x): 0.9871 D(G(z)): 0.0621 / 0.0163
[0/5][567/938] Loss_D: 0.0782 Loss_G: 3.8742 D(x): 0.9467 D(G(z)): 0.0210 / 0.0286
[0/5][568/938] Loss_D: 0.0579 Loss_G: 3.9865 D(x): 0.9778 D(G(z)): 0.0336 / 0.0260
[0/5][569/938] Loss_D: 0.0618 Loss_G: 3.9467 D(x): 0.9642 D(G(z)): 0.0224 / 0.0273
[0/5][570/938] Loss_D: 0.1218 Loss_G: 3.3322 D(x): 0.9467 D(G(z)): 0.0623 / 0.0470
[0/5][571/938] Loss_D: 0.0776 Loss_G: 4.1130 D(x): 0.9702 D(G(z)): 0.0445 / 0.0232
[0/5][572/938] Loss_D: 0.0706 Loss_G: 3.7898 D(x): 0.9597 D(G(z)): 0.0279 / 0.0302
[0/5][573/938] Loss_D: 0.0943 Loss_G: 3.7494 D(x): 0.9606 D(G(z)): 0.0504 / 0.0348
[0/5][574/938] Loss_D: 0.0740 Loss_G: 3.8617 D(x): 0.9610 D(G(z)): 0.0309 / 0.0301
[0/5][575/938] Loss_D: 0.0697 Loss_G: 3.7730 D(x): 0.9647 D(G(z)): 0.0317 / 0.0305
[0/5][576/938] Loss_D: 0.0755 Loss_G: 3.8364 D(x): 0.9666 D(G(z)): 0.0375 / 0.0304
[0/5][577/938] Loss_D: 0.0888 Loss_G: 3.3525 D(x): 0.9451 D(G(z)): 0.0293 / 0.0502
[0/5][578/938] Loss_D: 0.1660 Loss_G: 5.3157 D(x): 0.9747 D(G(z)): 0.1244 / 0.0069
[0/5][579/938] Loss_D: 0.2973 Loss_G: 0.5594 D(x): 0.7713 D(G(z)): 0.0093 / 0.6173
[0/5][580/938] Loss_D: 1.5239 Loss_G: 20.0965 D(x): 0.9969 D(G(z)): 0.7221 / 0.0000
[0/5][581/938] Loss_D: 16.5652 Loss_G: 6.5805 D(x): 0.0000 D(G(z)): 0.0000 / 0.0026
[0/5][582/938] Loss_D: 2.3956 Loss_G: 0.1278 D(x): 0.2048 D(G(z)): 0.0062 / 0.8987
[0/5][583/938] Loss_D: 3.6561 Loss_G: 13.2263 D(x): 0.9995 D(G(z)): 0.9320 / 0.0001
[0/5][584/938] Loss_D: 10.6682 Loss_G: 4.7390 D(x): 0.0020 D(G(z)): 0.0001 / 0.0234
[0/5][585/938] Loss_D: 2.6741 Loss_G: 0.0506 D(x): 0.1304 D(G(z)): 0.0211 / 0.9604
[0/5][586/938] Loss_D: 5.4075 Loss_G: 0.6029 D(x): 0.9970 D(G(z)): 0.9721 / 0.6396
[0/5][587/938] Loss_D: 2.1648 Loss_G: 5.2159 D(x): 0.9659 D(G(z)): 0.7527 / 0.0124
[0/5][588/938] Loss_D: 2.1288 Loss_G: 3.1895 D(x): 0.2089 D(G(z)): 0.0275 / 0.0977
[0/5][589/938] Loss_D: 1.5159 Loss_G: 0.5829 D(x): 0.4681 D(G(z)): 0.2831 / 0.6191
[0/5][590/938] Loss_D: 1.9090 Loss_G: 2.4623 D(x): 0.8703 D(G(z)): 0.7449 / 0.1249
[0/5][591/938] Loss_D: 1.3739 Loss_G: 1.7768 D(x): 0.4137 D(G(z)): 0.1756 / 0.2299
[0/5][592/938] Loss_D: 0.6773 Loss_G: 1.5973 D(x): 0.7217 D(G(z)): 0.2248 / 0.2633
[0/5][593/938] Loss_D: 0.9124 Loss_G: 2.5100 D(x): 0.8268 D(G(z)): 0.4497 / 0.1189
[0/5][594/938] Loss_D: 0.8624 Loss_G: 1.8499 D(x): 0.6095 D(G(z)): 0.1740 / 0.1964
[0/5][595/938] Loss_D: 0.9010 Loss_G: 2.0643 D(x): 0.7554 D(G(z)): 0.3868 / 0.1656
[0/5][596/938] Loss_D: 0.7238 Loss_G: 2.0830 D(x): 0.7068 D(G(z)): 0.2455 / 0.1611
[0/5][597/938] Loss_D: 0.7967 Loss_G: 1.4964 D(x): 0.6307 D(G(z)): 0.1991 / 0.2798
[0/5][598/938] Loss_D: 0.9265 Loss_G: 2.4428 D(x): 0.8484 D(G(z)): 0.4811 / 0.1226
[0/5][599/938] Loss_D: 0.8579 Loss_G: 1.9318 D(x): 0.6057 D(G(z)): 0.1965 / 0.2166
[0/5][600/938] Loss_D: 0.9241 Loss_G: 1.7316 D(x): 0.6957 D(G(z)): 0.3662 / 0.2219
[0/5][601/938] Loss_D: 0.7757 Loss_G: 1.8971 D(x): 0.6577 D(G(z)): 0.2466 / 0.1878
[0/5][602/938] Loss_D: 0.7311 Loss_G: 2.7117 D(x): 0.8003 D(G(z)): 0.3280 / 0.0981
[0/5][603/938] Loss_D: 0.5538 Loss_G: 2.4638 D(x): 0.7176 D(G(z)): 0.1473 / 0.1104
[0/5][604/938] Loss_D: 0.4555 Loss_G: 2.2311 D(x): 0.8158 D(G(z)): 0.1945 / 0.1410
[0/5][605/938] Loss_D: 0.6783 Loss_G: 2.7551 D(x): 0.8636 D(G(z)): 0.3680 / 0.0884
[0/5][606/938] Loss_D: 1.0527 Loss_G: 1.3506 D(x): 0.5466 D(G(z)): 0.2178 / 0.3043
[0/5][607/938] Loss_D: 0.8541 Loss_G: 2.0320 D(x): 0.7486 D(G(z)): 0.3570 / 0.1776
[0/5][608/938] Loss_D: 0.6416 Loss_G: 2.2915 D(x): 0.7351 D(G(z)): 0.2323 / 0.1278
[0/5][609/938] Loss_D: 0.5413 Loss_G: 1.9988 D(x): 0.7313 D(G(z)): 0.1533 / 0.1651
[0/5][610/938] Loss_D: 0.5695 Loss_G: 2.4672 D(x): 0.8235 D(G(z)): 0.2781 / 0.1053
[0/5][611/938] Loss_D: 0.4520 Loss_G: 2.6440 D(x): 0.8127 D(G(z)): 0.1971 / 0.0907
[0/5][612/938] Loss_D: 0.4794 Loss_G: 2.0411 D(x): 0.7423 D(G(z)): 0.1363 / 0.1649
[0/5][613/938] Loss_D: 0.5228 Loss_G: 2.3583 D(x): 0.8319 D(G(z)): 0.2482 / 0.1260
[0/5][614/938] Loss_D: 0.4813 Loss_G: 2.6406 D(x): 0.8086 D(G(z)): 0.2042 / 0.0899
[0/5][615/938] Loss_D: 0.7075 Loss_G: 1.9706 D(x): 0.7132 D(G(z)): 0.2598 / 0.1709
[0/5][616/938] Loss_D: 0.5531 Loss_G: 2.1835 D(x): 0.7741 D(G(z)): 0.2261 / 0.1397
[0/5][617/938] Loss_D: 0.5604 Loss_G: 2.4234 D(x): 0.7780 D(G(z)): 0.2230 / 0.1355
[0/5][618/938] Loss_D: 0.5323 Loss_G: 2.1174 D(x): 0.7686 D(G(z)): 0.2059 / 0.1609
[0/5][619/938] Loss_D: 0.6577 Loss_G: 2.4267 D(x): 0.8098 D(G(z)): 0.3093 / 0.1122
[0/5][620/938] Loss_D: 0.5241 Loss_G: 1.9501 D(x): 0.7279 D(G(z)): 0.1642 / 0.1830
[0/5][621/938] Loss_D: 0.5006 Loss_G: 2.5088 D(x): 0.8328 D(G(z)): 0.2364 / 0.1150
[0/5][622/938] Loss_D: 0.4908 Loss_G: 1.8127 D(x): 0.7504 D(G(z)): 0.1522 / 0.1992
[0/5][623/938] Loss_D: 0.5375 Loss_G: 3.2063 D(x): 0.8893 D(G(z)): 0.3032 / 0.0556
[0/5][624/938] Loss_D: 0.5648 Loss_G: 1.5289 D(x): 0.6631 D(G(z)): 0.0948 / 0.2501
[0/5][625/938] Loss_D: 0.5104 Loss_G: 2.8799 D(x): 0.9036 D(G(z)): 0.3103 / 0.0699
[0/5][626/938] Loss_D: 0.4546 Loss_G: 1.9973 D(x): 0.7273 D(G(z)): 0.0971 / 0.1754
[0/5][627/938] Loss_D: 0.4928 Loss_G: 2.1662 D(x): 0.8273 D(G(z)): 0.2247 / 0.1583
[0/5][628/938] Loss_D: 0.4167 Loss_G: 2.8107 D(x): 0.8690 D(G(z)): 0.2142 / 0.0849
[0/5][629/938] Loss_D: 0.5489 Loss_G: 2.0147 D(x): 0.7491 D(G(z)): 0.1667 / 0.1680
[0/5][630/938] Loss_D: 0.4872 Loss_G: 2.0337 D(x): 0.8083 D(G(z)): 0.2102 / 0.1661
[0/5][631/938] Loss_D: 0.3797 Loss_G: 2.5783 D(x): 0.8616 D(G(z)): 0.1869 / 0.0971
[0/5][632/938] Loss_D: 0.4267 Loss_G: 1.6046 D(x): 0.7496 D(G(z)): 0.1068 / 0.2446
[0/5][633/938] Loss_D: 0.4613 Loss_G: 3.7373 D(x): 0.9588 D(G(z)): 0.3120 / 0.0315
[0/5][634/938] Loss_D: 0.6908 Loss_G: 1.2376 D(x): 0.6023 D(G(z)): 0.0660 / 0.3391
[0/5][635/938] Loss_D: 0.6357 Loss_G: 3.7453 D(x): 0.9510 D(G(z)): 0.4091 / 0.0339
[0/5][636/938] Loss_D: 0.5945 Loss_G: 1.7813 D(x): 0.6428 D(G(z)): 0.0784 / 0.2282
[0/5][637/938] Loss_D: 0.4170 Loss_G: 2.4026 D(x): 0.8802 D(G(z)): 0.2257 / 0.1173
[0/5][638/938] Loss_D: 0.3684 Loss_G: 3.0157 D(x): 0.8673 D(G(z)): 0.1801 / 0.0621
[0/5][639/938] Loss_D: 0.4488 Loss_G: 1.7832 D(x): 0.7488 D(G(z)): 0.1158 / 0.2068
[0/5][640/938] Loss_D: 0.4513 Loss_G: 2.9818 D(x): 0.8962 D(G(z)): 0.2604 / 0.0739
[0/5][641/938] Loss_D: 0.4478 Loss_G: 1.9434 D(x): 0.7591 D(G(z)): 0.1082 / 0.1764
[0/5][642/938] Loss_D: 0.4119 Loss_G: 2.9577 D(x): 0.9013 D(G(z)): 0.2429 / 0.0667
[0/5][643/938] Loss_D: 0.6161 Loss_G: 0.9645 D(x): 0.6544 D(G(z)): 0.0964 / 0.4316
[0/5][644/938] Loss_D: 0.7862 Loss_G: 4.9490 D(x): 0.9631 D(G(z)): 0.4804 / 0.0091
[0/5][645/938] Loss_D: 0.9047 Loss_G: 1.2917 D(x): 0.4669 D(G(z)): 0.0191 / 0.3399
[0/5][646/938] Loss_D: 0.5637 Loss_G: 2.8761 D(x): 0.9440 D(G(z)): 0.3582 / 0.0766
[0/5][647/938] Loss_D: 0.2917 Loss_G: 3.5918 D(x): 0.8889 D(G(z)): 0.1357 / 0.0398
[0/5][648/938] Loss_D: 0.4733 Loss_G: 1.4130 D(x): 0.6819 D(G(z)): 0.0442 / 0.2790
[0/5][649/938] Loss_D: 0.6706 Loss_G: 3.8346 D(x): 0.9495 D(G(z)): 0.4153 / 0.0351
[0/5][650/938] Loss_D: 0.5831 Loss_G: 2.0369 D(x): 0.6533 D(G(z)): 0.0528 / 0.1866
[0/5][651/938] Loss_D: 0.4423 Loss_G: 1.8857 D(x): 0.8467 D(G(z)): 0.2068 / 0.1993
[0/5][652/938] Loss_D: 0.4731 Loss_G: 3.4662 D(x): 0.8909 D(G(z)): 0.2678 / 0.0409
[0/5][653/938] Loss_D: 0.5319 Loss_G: 1.5596 D(x): 0.6530 D(G(z)): 0.0374 / 0.2743
[0/5][654/938] Loss_D: 0.4005 Loss_G: 3.1993 D(x): 0.9654 D(G(z)): 0.2850 / 0.0526
[0/5][655/938] Loss_D: 0.3308 Loss_G: 3.8644 D(x): 0.8945 D(G(z)): 0.1773 / 0.0289
[0/5][656/938] Loss_D: 0.4969 Loss_G: 1.6234 D(x): 0.6719 D(G(z)): 0.0528 / 0.2577
[0/5][657/938] Loss_D: 0.3350 Loss_G: 2.2512 D(x): 0.9174 D(G(z)): 0.2069 / 0.1255
[0/5][658/938] Loss_D: 0.3587 Loss_G: 3.8336 D(x): 0.9245 D(G(z)): 0.2167 / 0.0309
[0/5][659/938] Loss_D: 0.5409 Loss_G: 1.1025 D(x): 0.6701 D(G(z)): 0.0702 / 0.3821
[0/5][660/938] Loss_D: 0.5471 Loss_G: 3.4518 D(x): 0.9241 D(G(z)): 0.3313 / 0.0408
[0/5][661/938] Loss_D: 0.3952 Loss_G: 2.0288 D(x): 0.7404 D(G(z)): 0.0543 / 0.1615
[0/5][662/938] Loss_D: 0.3479 Loss_G: 2.4067 D(x): 0.8862 D(G(z)): 0.1875 / 0.1074
[0/5][663/938] Loss_D: 0.2949 Loss_G: 3.1810 D(x): 0.9021 D(G(z)): 0.1599 / 0.0549
[0/5][664/938] Loss_D: 0.3130 Loss_G: 1.9148 D(x): 0.8070 D(G(z)): 0.0715 / 0.1709
[0/5][665/938] Loss_D: 0.3263 Loss_G: 2.6610 D(x): 0.9025 D(G(z)): 0.1860 / 0.0836
[0/5][666/938] Loss_D: 0.2990 Loss_G: 2.4198 D(x): 0.8543 D(G(z)): 0.1179 / 0.1092
[0/5][667/938] Loss_D: 0.3518 Loss_G: 2.6690 D(x): 0.8635 D(G(z)): 0.1662 / 0.0868
[0/5][668/938] Loss_D: 0.3447 Loss_G: 1.4352 D(x): 0.7811 D(G(z)): 0.0645 / 0.2858
[0/5][669/938] Loss_D: 0.6269 Loss_G: 5.4362 D(x): 0.9747 D(G(z)): 0.4116 / 0.0061
[0/5][670/938] Loss_D: 1.0431 Loss_G: 0.8287 D(x): 0.4185 D(G(z)): 0.0111 / 0.5089
[0/5][671/938] Loss_D: 1.0139 Loss_G: 4.8046 D(x): 0.9887 D(G(z)): 0.5822 / 0.0123
[0/5][672/938] Loss_D: 0.9601 Loss_G: 1.4237 D(x): 0.4876 D(G(z)): 0.0338 / 0.3235
[0/5][673/938] Loss_D: 0.6739 Loss_G: 4.1787 D(x): 0.9713 D(G(z)): 0.4113 / 0.0230
[0/5][674/938] Loss_D: 0.8168 Loss_G: 1.0568 D(x): 0.5256 D(G(z)): 0.0355 / 0.4265
[0/5][675/938] Loss_D: 0.7078 Loss_G: 3.5599 D(x): 0.9658 D(G(z)): 0.4359 / 0.0404
[0/5][676/938] Loss_D: 0.5470 Loss_G: 1.9792 D(x): 0.6854 D(G(z)): 0.0961 / 0.1903
[0/5][677/938] Loss_D: 0.3635 Loss_G: 2.3523 D(x): 0.8817 D(G(z)): 0.1848 / 0.1300
[0/5][678/938] Loss_D: 0.3098 Loss_G: 2.7205 D(x): 0.8760 D(G(z)): 0.1440 / 0.0905
[0/5][679/938] Loss_D: 0.3223 Loss_G: 2.4513 D(x): 0.8504 D(G(z)): 0.1312 / 0.1137
[0/5][680/938] Loss_D: 0.3346 Loss_G: 2.3978 D(x): 0.8585 D(G(z)): 0.1420 / 0.1138
[0/5][681/938] Loss_D: 0.3698 Loss_G: 2.6166 D(x): 0.8581 D(G(z)): 0.1644 / 0.1007
[0/5][682/938] Loss_D: 0.2367 Loss_G: 2.9305 D(x): 0.8983 D(G(z)): 0.1126 / 0.0731
[0/5][683/938] Loss_D: 0.3839 Loss_G: 1.4847 D(x): 0.7736 D(G(z)): 0.0937 / 0.2735
[0/5][684/938] Loss_D: 0.6655 Loss_G: 5.1290 D(x): 0.9515 D(G(z)): 0.4251 / 0.0077
[0/5][685/938] Loss_D: 0.9227 Loss_G: 1.3466 D(x): 0.4553 D(G(z)): 0.0073 / 0.3204
[0/5][686/938] Loss_D: 0.7463 Loss_G: 3.8448 D(x): 0.9624 D(G(z)): 0.4541 / 0.0357
[0/5][687/938] Loss_D: 0.6704 Loss_G: 1.3577 D(x): 0.6108 D(G(z)): 0.0851 / 0.3083
[0/5][688/938] Loss_D: 0.5551 Loss_G: 3.6386 D(x): 0.9436 D(G(z)): 0.3560 / 0.0361
[0/5][689/938] Loss_D: 0.7376 Loss_G: 1.3418 D(x): 0.5766 D(G(z)): 0.0701 / 0.3234
[0/5][690/938] Loss_D: 0.4026 Loss_G: 3.1694 D(x): 0.9582 D(G(z)): 0.2751 / 0.0604
[0/5][691/938] Loss_D: 0.4062 Loss_G: 3.0290 D(x): 0.8290 D(G(z)): 0.1642 / 0.0696
[0/5][692/938] Loss_D: 0.2774 Loss_G: 2.5055 D(x): 0.8382 D(G(z)): 0.0727 / 0.1233
[0/5][693/938] Loss_D: 0.2531 Loss_G: 3.0621 D(x): 0.9280 D(G(z)): 0.1508 / 0.0642
[0/5][694/938] Loss_D: 0.3196 Loss_G: 1.8993 D(x): 0.8061 D(G(z)): 0.0797 / 0.1867
[0/5][695/938] Loss_D: 0.3578 Loss_G: 3.7638 D(x): 0.9547 D(G(z)): 0.2459 / 0.0310
[0/5][696/938] Loss_D: 0.2884 Loss_G: 2.6200 D(x): 0.8053 D(G(z)): 0.0530 / 0.1140
[0/5][697/938] Loss_D: 0.2820 Loss_G: 2.3419 D(x): 0.8842 D(G(z)): 0.1328 / 0.1295
[0/5][698/938] Loss_D: 0.2658 Loss_G: 3.2411 D(x): 0.9206 D(G(z)): 0.1559 / 0.0526
[0/5][699/938] Loss_D: 0.2737 Loss_G: 2.6455 D(x): 0.8468 D(G(z)): 0.0871 / 0.0906
[0/5][700/938] Loss_D: 0.2450 Loss_G: 2.1632 D(x): 0.8574 D(G(z)): 0.0753 / 0.1523
[0/5][701/938] Loss_D: 0.4162 Loss_G: 4.3586 D(x): 0.9336 D(G(z)): 0.2673 / 0.0167
[0/5][702/938] Loss_D: 0.4733 Loss_G: 1.1477 D(x): 0.6659 D(G(z)): 0.0238 / 0.3850
[0/5][703/938] Loss_D: 0.4384 Loss_G: 3.9332 D(x): 0.9568 D(G(z)): 0.3038 / 0.0255
[0/5][704/938] Loss_D: 0.4429 Loss_G: 2.2095 D(x): 0.7546 D(G(z)): 0.1068 / 0.1455
[0/5][705/938] Loss_D: 0.3218 Loss_G: 2.3660 D(x): 0.8626 D(G(z)): 0.1440 / 0.1161
[0/5][706/938] Loss_D: 0.2711 Loss_G: 3.8775 D(x): 0.9274 D(G(z)): 0.1661 / 0.0284
[0/5][707/938] Loss_D: 0.3684 Loss_G: 1.7878 D(x): 0.7783 D(G(z)): 0.0766 / 0.2250
[0/5][708/938] Loss_D: 0.2796 Loss_G: 2.9730 D(x): 0.9259 D(G(z)): 0.1650 / 0.0711
[0/5][709/938] Loss_D: 0.2565 Loss_G: 3.4446 D(x): 0.9057 D(G(z)): 0.1332 / 0.0425
[0/5][710/938] Loss_D: 0.2402 Loss_G: 2.4918 D(x): 0.8650 D(G(z)): 0.0777 / 0.1122
[0/5][711/938] Loss_D: 0.2291 Loss_G: 2.8860 D(x): 0.9141 D(G(z)): 0.1169 / 0.0759
[0/5][712/938] Loss_D: 0.2273 Loss_G: 2.7056 D(x): 0.8922 D(G(z)): 0.0956 / 0.0821
[0/5][713/938] Loss_D: 0.1941 Loss_G: 3.6780 D(x): 0.9350 D(G(z)): 0.1103 / 0.0392
[0/5][714/938] Loss_D: 0.3577 Loss_G: 1.0784 D(x): 0.7670 D(G(z)): 0.0584 / 0.3998
[0/5][715/938] Loss_D: 0.7255 Loss_G: 6.4688 D(x): 0.9811 D(G(z)): 0.4423 / 0.0024
[0/5][716/938] Loss_D: 1.4086 Loss_G: 0.4409 D(x): 0.3291 D(G(z)): 0.0064 / 0.6911
[0/5][717/938] Loss_D: 1.7710 Loss_G: 6.9299 D(x): 0.9912 D(G(z)): 0.7702 / 0.0018
[0/5][718/938] Loss_D: 2.8746 Loss_G: 0.8920 D(x): 0.1008 D(G(z)): 0.0051 / 0.5116
[0/5][719/938] Loss_D: 1.2398 Loss_G: 4.0783 D(x): 0.9700 D(G(z)): 0.5853 / 0.0391
[0/5][720/938] Loss_D: 1.1983 Loss_G: 1.5328 D(x): 0.5103 D(G(z)): 0.0981 / 0.3134
[0/5][721/938] Loss_D: 0.7008 Loss_G: 2.5238 D(x): 0.8663 D(G(z)): 0.3379 / 0.1193
[0/5][722/938] Loss_D: 0.6355 Loss_G: 3.0680 D(x): 0.8091 D(G(z)): 0.2480 / 0.0729
[0/5][723/938] Loss_D: 0.6915 Loss_G: 1.4472 D(x): 0.6637 D(G(z)): 0.1588 / 0.2988
[0/5][724/938] Loss_D: 0.4248 Loss_G: 2.7375 D(x): 0.9026 D(G(z)): 0.2490 / 0.0881
[0/5][725/938] Loss_D: 0.3678 Loss_G: 2.8761 D(x): 0.8470 D(G(z)): 0.1533 / 0.0739
[0/5][726/938] Loss_D: 0.3022 Loss_G: 2.5150 D(x): 0.8400 D(G(z)): 0.0984 / 0.1241
[0/5][727/938] Loss_D: 0.5082 Loss_G: 2.3512 D(x): 0.8264 D(G(z)): 0.2325 / 0.1246
[0/5][728/938] Loss_D: 0.4072 Loss_G: 2.2190 D(x): 0.8108 D(G(z)): 0.1488 / 0.1474
[0/5][729/938] Loss_D: 0.3829 Loss_G: 2.5625 D(x): 0.8660 D(G(z)): 0.1881 / 0.0933
[0/5][730/938] Loss_D: 0.2960 Loss_G: 2.8609 D(x): 0.8823 D(G(z)): 0.1383 / 0.0755
[0/5][731/938] Loss_D: 0.4315 Loss_G: 1.6238 D(x): 0.7627 D(G(z)): 0.1140 / 0.2407
[0/5][732/938] Loss_D: 0.4224 Loss_G: 3.3910 D(x): 0.9204 D(G(z)): 0.2624 / 0.0434
[0/5][733/938] Loss_D: 0.4615 Loss_G: 1.6978 D(x): 0.7289 D(G(z)): 0.0958 / 0.2201
[0/5][734/938] Loss_D: 0.2530 Loss_G: 2.6471 D(x): 0.9225 D(G(z)): 0.1490 / 0.0849
[0/5][735/938] Loss_D: 0.3523 Loss_G: 3.1330 D(x): 0.8756 D(G(z)): 0.1860 / 0.0520
[0/5][736/938] Loss_D: 0.3361 Loss_G: 1.7424 D(x): 0.7978 D(G(z)): 0.0816 / 0.2229
[0/5][737/938] Loss_D: 0.3091 Loss_G: 3.3011 D(x): 0.9406 D(G(z)): 0.1980 / 0.0524
[0/5][738/938] Loss_D: 0.3056 Loss_G: 2.3239 D(x): 0.7968 D(G(z)): 0.0583 / 0.1413
[0/5][739/938] Loss_D: 0.3738 Loss_G: 3.3034 D(x): 0.8987 D(G(z)): 0.2085 / 0.0479
[0/5][740/938] Loss_D: 0.2894 Loss_G: 1.8633 D(x): 0.8168 D(G(z)): 0.0690 / 0.1885
[0/5][741/938] Loss_D: 0.3154 Loss_G: 3.7712 D(x): 0.9519 D(G(z)): 0.2164 / 0.0303
[0/5][742/938] Loss_D: 0.3704 Loss_G: 1.6985 D(x): 0.7631 D(G(z)): 0.0669 / 0.2195
[0/5][743/938] Loss_D: 0.2571 Loss_G: 3.2008 D(x): 0.9442 D(G(z)): 0.1723 / 0.0545
[0/5][744/938] Loss_D: 0.2325 Loss_G: 3.1289 D(x): 0.8769 D(G(z)): 0.0774 / 0.0640
[0/5][745/938] Loss_D: 0.2743 Loss_G: 2.3189 D(x): 0.8634 D(G(z)): 0.1063 / 0.1254
[0/5][746/938] Loss_D: 0.3071 Loss_G: 4.0798 D(x): 0.9466 D(G(z)): 0.2060 / 0.0231
[0/5][747/938] Loss_D: 0.4654 Loss_G: 1.3550 D(x): 0.6843 D(G(z)): 0.0211 / 0.2944
[0/5][748/938] Loss_D: 0.6074 Loss_G: 5.2625 D(x): 0.9587 D(G(z)): 0.3941 / 0.0076
[0/5][749/938] Loss_D: 1.2530 Loss_G: 0.2697 D(x): 0.3796 D(G(z)): 0.0219 / 0.7847
[0/5][750/938] Loss_D: 1.8518 Loss_G: 6.2030 D(x): 0.9964 D(G(z)): 0.7679 / 0.0064
[0/5][751/938] Loss_D: 1.4192 Loss_G: 0.9257 D(x): 0.3294 D(G(z)): 0.0159 / 0.4875
[0/5][752/938] Loss_D: 1.1051 Loss_G: 4.7708 D(x): 0.9477 D(G(z)): 0.5554 / 0.0195
[0/5][753/938] Loss_D: 0.7711 Loss_G: 1.7325 D(x): 0.5755 D(G(z)): 0.0485 / 0.2374
[0/5][754/938] Loss_D: 0.4934 Loss_G: 3.6304 D(x): 0.9596 D(G(z)): 0.3034 / 0.0530
[0/5][755/938] Loss_D: 0.5597 Loss_G: 1.5119 D(x): 0.6695 D(G(z)): 0.0733 / 0.2798
[0/5][756/938] Loss_D: 0.8870 Loss_G: 4.5739 D(x): 0.9487 D(G(z)): 0.4812 / 0.0158
[0/5][757/938] Loss_D: 1.2896 Loss_G: 0.6529 D(x): 0.3499 D(G(z)): 0.0330 / 0.6123
[0/5][758/938] Loss_D: 1.3316 Loss_G: 4.8285 D(x): 0.9753 D(G(z)): 0.6355 / 0.0175
[0/5][759/938] Loss_D: 0.5414 Loss_G: 3.4411 D(x): 0.6459 D(G(z)): 0.0254 / 0.0673
[0/5][760/938] Loss_D: 0.4575 Loss_G: 1.6043 D(x): 0.7728 D(G(z)): 0.1054 / 0.2777
[0/5][761/938] Loss_D: 0.4571 Loss_G: 3.2141 D(x): 0.9622 D(G(z)): 0.3090 / 0.0554
[0/5][762/938] Loss_D: 0.5917 Loss_G: 1.5360 D(x): 0.6729 D(G(z)): 0.1104 / 0.2756
[0/5][763/938] Loss_D: 0.3614 Loss_G: 2.7108 D(x): 0.9223 D(G(z)): 0.2132 / 0.1020
[0/5][764/938] Loss_D: 0.3008 Loss_G: 3.1256 D(x): 0.9028 D(G(z)): 0.1649 / 0.0552
[0/5][765/938] Loss_D: 0.3595 Loss_G: 2.3806 D(x): 0.7957 D(G(z)): 0.0896 / 0.1224
[0/5][766/938] Loss_D: 0.3384 Loss_G: 2.8943 D(x): 0.9081 D(G(z)): 0.1898 / 0.0749
[0/5][767/938] Loss_D: 0.2620 Loss_G: 2.5162 D(x): 0.8533 D(G(z)): 0.0859 / 0.0984
[0/5][768/938] Loss_D: 0.2794 Loss_G: 2.9310 D(x): 0.9089 D(G(z)): 0.1528 / 0.0702
[0/5][769/938] Loss_D: 0.2069 Loss_G: 3.3136 D(x): 0.9077 D(G(z)): 0.0856 / 0.0575
[0/5][770/938] Loss_D: 0.3018 Loss_G: 2.2297 D(x): 0.8379 D(G(z)): 0.0954 / 0.1346
[0/5][771/938] Loss_D: 0.3094 Loss_G: 3.2464 D(x): 0.9253 D(G(z)): 0.1847 / 0.0556
[0/5][772/938] Loss_D: 0.4357 Loss_G: 2.2104 D(x): 0.7852 D(G(z)): 0.1368 / 0.1597
[0/5][773/938] Loss_D: 0.2306 Loss_G: 2.5369 D(x): 0.8888 D(G(z)): 0.0963 / 0.1121
[0/5][774/938] Loss_D: 0.2542 Loss_G: 3.4206 D(x): 0.9385 D(G(z)): 0.1628 / 0.0419
[0/5][775/938] Loss_D: 0.2831 Loss_G: 2.2829 D(x): 0.8193 D(G(z)): 0.0663 / 0.1406
[0/5][776/938] Loss_D: 0.2964 Loss_G: 2.8462 D(x): 0.9159 D(G(z)): 0.1721 / 0.0708
[0/5][777/938] Loss_D: 0.2360 Loss_G: 3.0783 D(x): 0.8842 D(G(z)): 0.0956 / 0.0666
[0/5][778/938] Loss_D: 0.2642 Loss_G: 2.4717 D(x): 0.8636 D(G(z)): 0.0978 / 0.1117
[0/5][779/938] Loss_D: 0.2900 Loss_G: 2.4998 D(x): 0.8750 D(G(z)): 0.1299 / 0.1086
[0/5][780/938] Loss_D: 0.1638 Loss_G: 3.1905 D(x): 0.9366 D(G(z)): 0.0866 / 0.0539
[0/5][781/938] Loss_D: 0.2702 Loss_G: 2.0571 D(x): 0.8428 D(G(z)): 0.0782 / 0.1694
[0/5][782/938] Loss_D: 0.5008 Loss_G: 5.1554 D(x): 0.9601 D(G(z)): 0.3338 / 0.0082
[0/5][783/938] Loss_D: 0.9664 Loss_G: 1.5052 D(x): 0.4577 D(G(z)): 0.0117 / 0.2779
[0/5][784/938] Loss_D: 0.6644 Loss_G: 5.3412 D(x): 0.9548 D(G(z)): 0.4108 / 0.0081
[0/5][785/938] Loss_D: 1.6928 Loss_G: 0.0399 D(x): 0.2589 D(G(z)): 0.0153 / 0.9623
[0/5][786/938] Loss_D: 4.0660 Loss_G: 4.6514 D(x): 0.9978 D(G(z)): 0.9646 / 0.0284
[0/5][787/938] Loss_D: 1.2586 Loss_G: 2.2495 D(x): 0.4081 D(G(z)): 0.0874 / 0.1964
[0/5][788/938] Loss_D: 0.6946 Loss_G: 1.2507 D(x): 0.7060 D(G(z)): 0.2087 / 0.3651
[0/5][789/938] Loss_D: 0.9432 Loss_G: 3.8963 D(x): 0.9174 D(G(z)): 0.4897 / 0.0498
[0/5][790/938] Loss_D: 0.9260 Loss_G: 1.4686 D(x): 0.4960 D(G(z)): 0.0922 / 0.3103
[0/5][791/938] Loss_D: 0.5808 Loss_G: 2.3883 D(x): 0.8949 D(G(z)): 0.3266 / 0.1193
[0/5][792/938] Loss_D: 0.5773 Loss_G: 2.5493 D(x): 0.7885 D(G(z)): 0.2428 / 0.1062
[0/5][793/938] Loss_D: 0.4550 Loss_G: 1.9525 D(x): 0.7574 D(G(z)): 0.1340 / 0.1825
[0/5][794/938] Loss_D: 0.4946 Loss_G: 2.6332 D(x): 0.8646 D(G(z)): 0.2661 / 0.0861
[0/5][795/938] Loss_D: 0.3071 Loss_G: 2.7226 D(x): 0.8654 D(G(z)): 0.1304 / 0.0864
[0/5][796/938] Loss_D: 0.4118 Loss_G: 1.7721 D(x): 0.8051 D(G(z)): 0.1516 / 0.2026
[0/5][797/938] Loss_D: 0.3821 Loss_G: 3.7270 D(x): 0.9330 D(G(z)): 0.2422 / 0.0339
[0/5][798/938] Loss_D: 0.5589 Loss_G: 1.1985 D(x): 0.6679 D(G(z)): 0.0764 / 0.3496
[0/5][799/938] Loss_D: 0.5916 Loss_G: 4.8732 D(x): 0.9622 D(G(z)): 0.3883 / 0.0105
[0/5][800/938] Loss_D: 0.9481 Loss_G: 1.3467 D(x): 0.4793 D(G(z)): 0.0321 / 0.3498
[0/5][801/938] Loss_D: 0.6363 Loss_G: 4.0468 D(x): 0.9513 D(G(z)): 0.3826 / 0.0318
[0/5][802/938] Loss_D: 0.8316 Loss_G: 1.2022 D(x): 0.5419 D(G(z)): 0.0652 / 0.3747
[0/5][803/938] Loss_D: 0.8907 Loss_G: 3.8842 D(x): 0.9428 D(G(z)): 0.4787 / 0.0302
[0/5][804/938] Loss_D: 0.4384 Loss_G: 2.7255 D(x): 0.7237 D(G(z)): 0.0700 / 0.0988
[0/5][805/938] Loss_D: 0.3929 Loss_G: 1.9142 D(x): 0.8282 D(G(z)): 0.1435 / 0.1996
[0/5][806/938] Loss_D: 0.3712 Loss_G: 2.4665 D(x): 0.8767 D(G(z)): 0.1912 / 0.1122
[0/5][807/938] Loss_D: 0.4335 Loss_G: 2.4167 D(x): 0.8330 D(G(z)): 0.1863 / 0.1151
[0/5][808/938] Loss_D: 0.4309 Loss_G: 2.3151 D(x): 0.8183 D(G(z)): 0.1736 / 0.1361
[0/5][809/938] Loss_D: 0.4214 Loss_G: 2.1839 D(x): 0.8166 D(G(z)): 0.1655 / 0.1390
[0/5][810/938] Loss_D: 0.3645 Loss_G: 3.1830 D(x): 0.9026 D(G(z)): 0.2076 / 0.0568
[0/5][811/938] Loss_D: 0.3585 Loss_G: 2.1618 D(x): 0.7954 D(G(z)): 0.1011 / 0.1442
[0/5][812/938] Loss_D: 0.3381 Loss_G: 2.5447 D(x): 0.8754 D(G(z)): 0.1706 / 0.1014
[0/5][813/938] Loss_D: 0.2610 Loss_G: 3.2576 D(x): 0.9131 D(G(z)): 0.1450 / 0.0497
[0/5][814/938] Loss_D: 0.3345 Loss_G: 1.6240 D(x): 0.7934 D(G(z)): 0.0817 / 0.2363
[0/5][815/938] Loss_D: 0.3987 Loss_G: 3.9972 D(x): 0.9533 D(G(z)): 0.2715 / 0.0264
[0/5][816/938] Loss_D: 0.4699 Loss_G: 1.1369 D(x): 0.6847 D(G(z)): 0.0522 / 0.3661
[0/5][817/938] Loss_D: 0.6028 Loss_G: 4.9643 D(x): 0.9690 D(G(z)): 0.3905 / 0.0096
[0/5][818/938] Loss_D: 0.7826 Loss_G: 1.0437 D(x): 0.5326 D(G(z)): 0.0174 / 0.4097
[0/5][819/938] Loss_D: 0.8200 Loss_G: 5.0548 D(x): 0.9766 D(G(z)): 0.4807 / 0.0123
[0/5][820/938] Loss_D: 0.6183 Loss_G: 1.8110 D(x): 0.6123 D(G(z)): 0.0264 / 0.2397
[0/5][821/938] Loss_D: 0.5239 Loss_G: 3.6614 D(x): 0.9665 D(G(z)): 0.3157 / 0.0425
[0/5][822/938] Loss_D: 0.4532 Loss_G: 1.8830 D(x): 0.7258 D(G(z)): 0.0738 / 0.1929
[0/5][823/938] Loss_D: 0.4058 Loss_G: 3.3125 D(x): 0.9338 D(G(z)): 0.2479 / 0.0529
[0/5][824/938] Loss_D: 0.3922 Loss_G: 2.1798 D(x): 0.7601 D(G(z)): 0.0827 / 0.1499
[0/5][825/938] Loss_D: 0.2979 Loss_G: 3.1896 D(x): 0.9371 D(G(z)): 0.1884 / 0.0603
[0/5][826/938] Loss_D: 0.1901 Loss_G: 3.2356 D(x): 0.8925 D(G(z)): 0.0661 / 0.0534
[0/5][827/938] Loss_D: 0.2305 Loss_G: 2.5345 D(x): 0.8761 D(G(z)): 0.0771 / 0.1116
[0/5][828/938] Loss_D: 0.1974 Loss_G: 3.1232 D(x): 0.9498 D(G(z)): 0.1273 / 0.0610
[0/5][829/938] Loss_D: 0.2137 Loss_G: 3.2101 D(x): 0.9051 D(G(z)): 0.0895 / 0.0561
[0/5][830/938] Loss_D: 0.1912 Loss_G: 2.8457 D(x): 0.8958 D(G(z)): 0.0710 / 0.0756
[0/5][831/938] Loss_D: 0.2051 Loss_G: 2.6016 D(x): 0.8957 D(G(z)): 0.0820 / 0.0966
[0/5][832/938] Loss_D: 0.2928 Loss_G: 3.2469 D(x): 0.9133 D(G(z)): 0.1657 / 0.0534
[0/5][833/938] Loss_D: 0.1891 Loss_G: 3.1213 D(x): 0.8839 D(G(z)): 0.0559 / 0.0658
[0/5][834/938] Loss_D: 0.2739 Loss_G: 2.7237 D(x): 0.8959 D(G(z)): 0.1362 / 0.0833
[0/5][835/938] Loss_D: 0.2151 Loss_G: 2.7190 D(x): 0.8841 D(G(z)): 0.0778 / 0.0894
[0/5][836/938] Loss_D: 0.3145 Loss_G: 2.3985 D(x): 0.8637 D(G(z)): 0.1382 / 0.1238
[0/5][837/938] Loss_D: 0.2338 Loss_G: 3.0859 D(x): 0.9169 D(G(z)): 0.1253 / 0.0593
[0/5][838/938] Loss_D: 0.1748 Loss_G: 3.4404 D(x): 0.9323 D(G(z)): 0.0942 / 0.0429
[0/5][839/938] Loss_D: 0.2018 Loss_G: 2.5671 D(x): 0.8575 D(G(z)): 0.0382 / 0.1143
[0/5][840/938] Loss_D: 0.1978 Loss_G: 3.0624 D(x): 0.9502 D(G(z)): 0.1280 / 0.0607
[0/5][841/938] Loss_D: 0.2346 Loss_G: 3.3234 D(x): 0.9072 D(G(z)): 0.1168 / 0.0462
[0/5][842/938] Loss_D: 0.1373 Loss_G: 3.5390 D(x): 0.9168 D(G(z)): 0.0446 / 0.0406
[0/5][843/938] Loss_D: 0.1923 Loss_G: 2.8026 D(x): 0.9127 D(G(z)): 0.0884 / 0.0763
[0/5][844/938] Loss_D: 0.2648 Loss_G: 2.3674 D(x): 0.8695 D(G(z)): 0.1032 / 0.1276
[0/5][845/938] Loss_D: 0.2125 Loss_G: 3.9098 D(x): 0.9596 D(G(z)): 0.1475 / 0.0283
[0/5][846/938] Loss_D: 0.2518 Loss_G: 2.4624 D(x): 0.8281 D(G(z)): 0.0435 / 0.1274
[0/5][847/938] Loss_D: 0.2473 Loss_G: 3.5284 D(x): 0.9444 D(G(z)): 0.1610 / 0.0376
[0/5][848/938] Loss_D: 0.1667 Loss_G: 3.0495 D(x): 0.8996 D(G(z)): 0.0516 / 0.0595
[0/5][849/938] Loss_D: 0.1834 Loss_G: 2.7138 D(x): 0.9023 D(G(z)): 0.0671 / 0.0872
[0/5][850/938] Loss_D: 0.2131 Loss_G: 3.7586 D(x): 0.9509 D(G(z)): 0.1391 / 0.0329
[0/5][851/938] Loss_D: 0.1850 Loss_G: 3.2741 D(x): 0.8622 D(G(z)): 0.0258 / 0.0505
[0/5][852/938] Loss_D: 0.1459 Loss_G: 3.2428 D(x): 0.9574 D(G(z)): 0.0923 / 0.0510
[0/5][853/938] Loss_D: 0.1643 Loss_G: 3.4641 D(x): 0.9421 D(G(z)): 0.0915 / 0.0430
[0/5][854/938] Loss_D: 0.1611 Loss_G: 3.5168 D(x): 0.9225 D(G(z)): 0.0691 / 0.0401
[0/5][855/938] Loss_D: 0.1910 Loss_G: 2.9881 D(x): 0.9058 D(G(z)): 0.0822 / 0.0684
[0/5][856/938] Loss_D: 0.1790 Loss_G: 2.9037 D(x): 0.9094 D(G(z)): 0.0757 / 0.0728
[0/5][857/938] Loss_D: 0.1880 Loss_G: 3.7617 D(x): 0.9422 D(G(z)): 0.1146 / 0.0312
[0/5][858/938] Loss_D: 0.3345 Loss_G: 1.5072 D(x): 0.7666 D(G(z)): 0.0341 / 0.2682
[0/5][859/938] Loss_D: 0.7815 Loss_G: 11.0254 D(x): 0.9824 D(G(z)): 0.4899 / 0.0000
[0/5][860/938] Loss_D: 7.6988 Loss_G: 1.4465 D(x): 0.0010 D(G(z)): 0.0003 / 0.3548
[0/5][861/938] Loss_D: 0.6408 Loss_G: 5.0512 D(x): 0.9683 D(G(z)): 0.3649 / 0.0097
[0/5][862/938] Loss_D: 1.8096 Loss_G: 0.0450 D(x): 0.2760 D(G(z)): 0.0426 / 0.9576
[0/5][863/938] Loss_D: 4.4017 Loss_G: 4.7259 D(x): 0.9958 D(G(z)): 0.9750 / 0.0192
[0/5][864/938] Loss_D: 1.2694 Loss_G: 1.5612 D(x): 0.4448 D(G(z)): 0.1034 / 0.2857
[0/5][865/938] Loss_D: 0.8514 Loss_G: 1.6148 D(x): 0.7483 D(G(z)): 0.3261 / 0.2523
[0/5][866/938] Loss_D: 0.7396 Loss_G: 2.8388 D(x): 0.8079 D(G(z)): 0.3522 / 0.0826
[0/5][867/938] Loss_D: 0.8885 Loss_G: 0.8242 D(x): 0.5540 D(G(z)): 0.1463 / 0.4796
[0/5][868/938] Loss_D: 1.3671 Loss_G: 4.9044 D(x): 0.9177 D(G(z)): 0.6426 / 0.0112
[0/5][869/938] Loss_D: 2.1754 Loss_G: 0.7593 D(x): 0.1796 D(G(z)): 0.0236 / 0.5650
[0/5][870/938] Loss_D: 1.2336 Loss_G: 2.5475 D(x): 0.9378 D(G(z)): 0.5997 / 0.1256
[0/5][871/938] Loss_D: 0.6755 Loss_G: 3.1182 D(x): 0.7727 D(G(z)): 0.2631 / 0.0728
[0/5][872/938] Loss_D: 0.8859 Loss_G: 1.0483 D(x): 0.5350 D(G(z)): 0.0893 / 0.4159
[0/5][873/938] Loss_D: 0.8527 Loss_G: 2.6745 D(x): 0.9165 D(G(z)): 0.4720 / 0.0995
[0/5][874/938] Loss_D: 0.5989 Loss_G: 2.6401 D(x): 0.7371 D(G(z)): 0.1927 / 0.0988
[0/5][875/938] Loss_D: 0.5887 Loss_G: 1.5243 D(x): 0.7260 D(G(z)): 0.1808 / 0.2579
[0/5][876/938] Loss_D: 0.5975 Loss_G: 2.4445 D(x): 0.8472 D(G(z)): 0.3078 / 0.1058
[0/5][877/938] Loss_D: 0.6180 Loss_G: 1.5282 D(x): 0.6785 D(G(z)): 0.1588 / 0.2593
[0/5][878/938] Loss_D: 0.5297 Loss_G: 2.9446 D(x): 0.8885 D(G(z)): 0.3089 / 0.0709
[0/5][879/938] Loss_D: 0.7528 Loss_G: 0.9934 D(x): 0.5786 D(G(z)): 0.0985 / 0.4152
[0/5][880/938] Loss_D: 0.7948 Loss_G: 3.4880 D(x): 0.9303 D(G(z)): 0.4632 / 0.0444
[0/5][881/938] Loss_D: 0.5342 Loss_G: 2.1529 D(x): 0.6801 D(G(z)): 0.0789 / 0.1516
[0/5][882/938] Loss_D: 0.6216 Loss_G: 1.8907 D(x): 0.7995 D(G(z)): 0.2672 / 0.1891
[0/5][883/938] Loss_D: 0.4808 Loss_G: 2.5440 D(x): 0.8297 D(G(z)): 0.2293 / 0.1001
[0/5][884/938] Loss_D: 0.5385 Loss_G: 1.5470 D(x): 0.7264 D(G(z)): 0.1353 / 0.2618
[0/5][885/938] Loss_D: 0.5983 Loss_G: 2.7893 D(x): 0.8765 D(G(z)): 0.3165 / 0.0904
[0/5][886/938] Loss_D: 0.6701 Loss_G: 1.5499 D(x): 0.6563 D(G(z)): 0.1489 / 0.2692
[0/5][887/938] Loss_D: 0.4261 Loss_G: 3.1228 D(x): 0.9278 D(G(z)): 0.2767 / 0.0561
[0/5][888/938] Loss_D: 0.3792 Loss_G: 2.5762 D(x): 0.7847 D(G(z)): 0.1081 / 0.0971
[0/5][889/938] Loss_D: 0.3469 Loss_G: 2.1948 D(x): 0.8351 D(G(z)): 0.1331 / 0.1441
[0/5][890/938] Loss_D: 0.4774 Loss_G: 2.3315 D(x): 0.8362 D(G(z)): 0.2284 / 0.1193
[0/5][891/938] Loss_D: 0.5197 Loss_G: 3.2340 D(x): 0.8575 D(G(z)): 0.2771 / 0.0515
[0/5][892/938] Loss_D: 0.6004 Loss_G: 1.4128 D(x): 0.6402 D(G(z)): 0.0629 / 0.2989
[0/5][893/938] Loss_D: 0.6453 Loss_G: 3.9053 D(x): 0.9378 D(G(z)): 0.4086 / 0.0269
[0/5][894/938] Loss_D: 0.5978 Loss_G: 1.6768 D(x): 0.6242 D(G(z)): 0.0635 / 0.2598
[0/5][895/938] Loss_D: 0.4721 Loss_G: 2.8698 D(x): 0.9318 D(G(z)): 0.2853 / 0.0844
[0/5][896/938] Loss_D: 0.3478 Loss_G: 3.1412 D(x): 0.8712 D(G(z)): 0.1619 / 0.0563
[0/5][897/938] Loss_D: 0.4032 Loss_G: 1.9793 D(x): 0.7707 D(G(z)): 0.0961 / 0.1811
[0/5][898/938] Loss_D: 0.4241 Loss_G: 3.1038 D(x): 0.8951 D(G(z)): 0.2393 / 0.0618
[0/5][899/938] Loss_D: 0.3559 Loss_G: 2.0950 D(x): 0.7800 D(G(z)): 0.0763 / 0.1419
[0/5][900/938] Loss_D: 0.5133 Loss_G: 3.4800 D(x): 0.8891 D(G(z)): 0.2881 / 0.0474
[0/5][901/938] Loss_D: 0.5651 Loss_G: 1.2783 D(x): 0.6784 D(G(z)): 0.0755 / 0.3525
[0/5][902/938] Loss_D: 0.5531 Loss_G: 4.3017 D(x): 0.9643 D(G(z)): 0.3642 / 0.0219
[0/5][903/938] Loss_D: 0.5157 Loss_G: 2.3324 D(x): 0.6982 D(G(z)): 0.0611 / 0.1446
[0/5][904/938] Loss_D: 0.3727 Loss_G: 2.3587 D(x): 0.8734 D(G(z)): 0.1811 / 0.1221
[0/5][905/938] Loss_D: 0.4259 Loss_G: 2.9446 D(x): 0.8568 D(G(z)): 0.2025 / 0.0696
[0/5][906/938] Loss_D: 0.4292 Loss_G: 1.7813 D(x): 0.7601 D(G(z)): 0.1063 / 0.2238
[0/5][907/938] Loss_D: 0.3684 Loss_G: 3.4728 D(x): 0.9507 D(G(z)): 0.2492 / 0.0426
[0/5][908/938] Loss_D: 0.3312 Loss_G: 2.9054 D(x): 0.8311 D(G(z)): 0.1177 / 0.0761
[0/5][909/938] Loss_D: 0.5848 Loss_G: 0.7227 D(x): 0.6686 D(G(z)): 0.0881 / 0.5312
[0/5][910/938] Loss_D: 0.8055 Loss_G: 5.2643 D(x): 0.9779 D(G(z)): 0.4982 / 0.0069
[0/5][911/938] Loss_D: 1.1257 Loss_G: 0.8483 D(x): 0.3820 D(G(z)): 0.0286 / 0.4929
[0/5][912/938] Loss_D: 0.7820 Loss_G: 4.7737 D(x): 0.9756 D(G(z)): 0.4701 / 0.0119
[0/5][913/938] Loss_D: 1.3966 Loss_G: 0.3028 D(x): 0.3284 D(G(z)): 0.0335 / 0.7615
[0/5][914/938] Loss_D: 1.7998 Loss_G: 4.9535 D(x): 0.9864 D(G(z)): 0.7835 / 0.0133
[0/5][915/938] Loss_D: 1.0338 Loss_G: 1.6333 D(x): 0.4519 D(G(z)): 0.0380 / 0.2663
[0/5][916/938] Loss_D: 0.5584 Loss_G: 2.3435 D(x): 0.8978 D(G(z)): 0.3175 / 0.1250
[0/5][917/938] Loss_D: 0.5420 Loss_G: 2.1662 D(x): 0.7651 D(G(z)): 0.1876 / 0.1507
[0/5][918/938] Loss_D: 0.4752 Loss_G: 2.6840 D(x): 0.8531 D(G(z)): 0.2355 / 0.0938
[0/5][919/938] Loss_D: 0.5616 Loss_G: 1.6189 D(x): 0.7079 D(G(z)): 0.1524 / 0.2459
[0/5][920/938] Loss_D: 0.4391 Loss_G: 2.8785 D(x): 0.8927 D(G(z)): 0.2470 / 0.0768
[0/5][921/938] Loss_D: 0.4255 Loss_G: 2.1959 D(x): 0.7810 D(G(z)): 0.1264 / 0.1474
[0/5][922/938] Loss_D: 0.4173 Loss_G: 2.6520 D(x): 0.8642 D(G(z)): 0.2146 / 0.0886
[0/5][923/938] Loss_D: 0.3121 Loss_G: 2.3308 D(x): 0.8238 D(G(z)): 0.0966 / 0.1230
[0/5][924/938] Loss_D: 0.4209 Loss_G: 2.5094 D(x): 0.8554 D(G(z)): 0.2106 / 0.1023
[0/5][925/938] Loss_D: 0.3264 Loss_G: 2.1015 D(x): 0.8205 D(G(z)): 0.1078 / 0.1516
[0/5][926/938] Loss_D: 0.3967 Loss_G: 2.5800 D(x): 0.8776 D(G(z)): 0.2135 / 0.0946
[0/5][927/938] Loss_D: 0.3354 Loss_G: 2.5021 D(x): 0.8379 D(G(z)): 0.1275 / 0.1067
[0/5][928/938] Loss_D: 0.3411 Loss_G: 1.9741 D(x): 0.8308 D(G(z)): 0.1230 / 0.1599
[0/5][929/938] Loss_D: 0.3690 Loss_G: 3.3585 D(x): 0.9224 D(G(z)): 0.2346 / 0.0436
[0/5][930/938] Loss_D: 0.4220 Loss_G: 1.5781 D(x): 0.7103 D(G(z)): 0.0488 / 0.2586
[0/5][931/938] Loss_D: 0.6958 Loss_G: 4.5013 D(x): 0.9453 D(G(z)): 0.4304 / 0.0140
[0/5][932/938] Loss_D: 0.8246 Loss_G: 0.9171 D(x): 0.4925 D(G(z)): 0.0180 / 0.4543
[0/5][933/938] Loss_D: 0.6574 Loss_G: 3.9290 D(x): 0.9806 D(G(z)): 0.4262 / 0.0268
[0/5][934/938] Loss_D: 0.5007 Loss_G: 1.8450 D(x): 0.6830 D(G(z)): 0.0625 / 0.2033
[0/5][935/938] Loss_D: 0.4396 Loss_G: 3.6960 D(x): 0.9477 D(G(z)): 0.2846 / 0.0375
[0/5][936/938] Loss_D: 0.3666 Loss_G: 2.3288 D(x): 0.7647 D(G(z)): 0.0539 / 0.1265
[0/5][937/938] Loss_D: 0.2926 Loss_G: 3.0189 D(x): 0.9171 D(G(z)): 0.1740 / 0.0677
slurmstepd: error: Job 329559 exceeded memory limit (3659336 > 2097152), being killed
slurmstepd: error: *** JOB 329559 ON c26-10 CANCELLED AT 2017-04-18T13:08:51 ***
slurmstepd: error: Exceeded step memory limit at some point.
